{"target": -57.59354641901157, "params": {"c1": 1356.2527728443479, "c2": 1000.0, "c3": 100.0}, "datetime": {"datetime": "2023-06-02 18:26:48", "elapsed": 2.023072, "delta": 0.243117}}
{"target": -149.7031617011521, "params": {"c1": 1145.0655918108714, "c2": 1000.0, "c3": 10.0}, "datetime": {"datetime": "2023-06-02 18:26:48", "elapsed": 2.332653, "delta": 0.309581}}
{"target": -123.07668588190388, "params": {"c1": 1255.5109031279069, "c2": 514.0340985836845, "c3": 100.0}, "datetime": {"datetime": "2023-06-02 18:26:49", "elapsed": 2.595231, "delta": 0.262578}}
{"target": -132.83451294075775, "params": {"c1": 1124.3141534940362, "c2": 413.3685639761171, "c3": 10.0}, "datetime": {"datetime": "2023-06-02 18:26:49", "elapsed": 2.839827, "delta": 0.244596}}
{"target": -51.873687971283225, "params": {"c1": 1365.7495843689853, "c2": 758.9845081087965, "c3": 100.0}, "datetime": {"datetime": "2023-06-02 18:26:49", "elapsed": 3.075242, "delta": 0.235415}}
{"target": -66.09268842983182, "params": {"c1": 1518.9511868745553, "c2": 25.765601086736837, "c3": 99.38330329079561}, "datetime": {"datetime": "2023-06-02 18:26:49", "elapsed": 3.311952, "delta": 0.23671}}
{"target": -122.76777154727516, "params": {"c1": 1111.7770421071564, "c2": 10.0, "c3": 10.0}, "datetime": {"datetime": "2023-06-02 18:26:50", "elapsed": 3.570364, "delta": 0.258412}}
{"target": -74.9456987482187, "params": {"c1": 1016.5004973465249, "c2": 139.84234469201465, "c3": 10.832811155032248}, "datetime": {"datetime": "2023-06-02 18:26:50", "elapsed": 3.824546, "delta": 0.254182}}
{"target": -41.93611942423319, "params": {"c1": 1482.6662963057854, "c2": 810.1570930627167, "c3": 100.0}, "datetime": {"datetime": "2023-06-02 18:26:50", "elapsed": 4.078563, "delta": 0.254017}}
{"target": -194.60336433245712, "params": {"c1": 1197.3338344970866, "c2": 825.3971890267082, "c3": 10.0}, "datetime": {"datetime": "2023-06-02 18:26:50", "elapsed": 4.34355, "delta": 0.264987}}
{"target": -241.28781992625508, "params": {"c1": 1077.6757718500162, "c2": 764.7301354488493, "c3": 99.48876252767089}, "datetime": {"datetime": "2023-06-02 18:26:51", "elapsed": 4.607088, "delta": 0.263538}}
{"target": -139.0307362199314, "params": {"c1": 1231.7246996457536, "c2": 97.1875379114894, "c3": 100.0}, "datetime": {"datetime": "2023-06-02 18:26:51", "elapsed": 4.875374, "delta": 0.268286}}
{"target": -183.07196758045316, "params": {"c1": 1185.4434507380886, "c2": 108.25158307234726, "c3": 10.190374729468092}, "datetime": {"datetime": "2023-06-02 18:26:51", "elapsed": 5.103023, "delta": 0.227649}}
{"target": -208.72801838642445, "params": {"c1": 1128.1305452688546, "c2": 10.0, "c3": 100.0}, "datetime": {"datetime": "2023-06-02 18:26:51", "elapsed": 5.360274, "delta": 0.257251}}
{"target": -28.418957046100203, "params": {"c1": 1413.6365943353087, "c2": 135.8239899147704, "c3": 100.0}, "datetime": {"datetime": "2023-06-02 18:26:52", "elapsed": 0.0, "delta": 0.0}}
{"target": -132.2024918072668, "params": {"c1": 1241.7704081650445, "c2": 1000.0, "c3": 100.0}, "datetime": {"datetime": "2023-06-02 18:26:52", "elapsed": 0.337272, "delta": 0.337272}}
{"target": -32.60168806005742, "params": {"c1": 1463.9979225926127, "c2": 666.183773688396, "c3": 100.0}, "datetime": {"datetime": "2023-06-02 18:26:53", "elapsed": 0.587582, "delta": 0.25031}}
{"target": -112.68136176746046, "params": {"c1": 1594.5645215036275, "c2": 1000.0, "c3": 100.0}, "datetime": {"datetime": "2023-06-02 18:26:53", "elapsed": 0.839562, "delta": 0.25198}}
{"target": -32.1624356547938, "params": {"c1": 1402.7695077913502, "c2": 540.0129076923185, "c3": 100.0}, "datetime": {"datetime": "2023-06-02 18:26:53", "elapsed": 1.081645, "delta": 0.242083}}
{"target": -103.38973152214155, "params": {"c1": 1285.1545158826773, "c2": 779.5117920574621, "c3": 100.0}, "datetime": {"datetime": "2023-06-02 18:26:53", "elapsed": 1.336063, "delta": 0.254418}}
{"target": -72.8340329900827, "params": {"c1": 1533.6257098730273, "c2": 898.3284808998012, "c3": 100.0}, "datetime": {"datetime": "2023-06-02 18:26:54", "elapsed": 1.615349, "delta": 0.279286}}
{"target": -308.3218451325313, "params": {"c1": 700.0, "c2": 10.0, "c3": 10.0}, "datetime": {"datetime": "2023-06-02 18:26:54", "elapsed": 1.896553, "delta": 0.281204}}
{"target": -197.55875904120572, "params": {"c1": 1259.685584039757, "c2": 10.996153758530369, "c3": 20.897952613606}, "datetime": {"datetime": "2023-06-02 18:26:54", "elapsed": 2.17531, "delta": 0.278757}}
{"target": -77.64429934890751, "params": {"c1": 1027.4593486989531, "c2": 258.1365422832997, "c3": 10.0}, "datetime": {"datetime": "2023-06-02 18:26:54", "elapsed": 2.424446, "delta": 0.249136}}
{"target": -46.292760482801846, "params": {"c1": 1489.776028304686, "c2": 93.67506949193773, "c3": 100.0}, "datetime": {"datetime": "2023-06-02 18:26:55", "elapsed": 2.711483, "delta": 0.287037}}
{"target": -76.97183508715563, "params": {"c1": 1022.9054235388815, "c2": 534.3171513855543, "c3": 10.0}, "datetime": {"datetime": "2023-06-02 18:26:55", "elapsed": 2.990327, "delta": 0.278844}}
{"target": -194.22254770011807, "params": {"c1": 1197.0045890555746, "c2": 288.83529864572574, "c3": 10.0}, "datetime": {"datetime": "2023-06-02 18:26:55", "elapsed": 3.268403, "delta": 0.278076}}
{"target": -36.71088761293863, "params": {"c1": 1392.9784749895682, "c2": 654.8099792330646, "c3": 100.0}, "datetime": {"datetime": "2023-06-02 18:26:55", "elapsed": 3.555205, "delta": 0.286802}}
{"target": -24.85768209132562, "params": {"c1": 1437.0552386168479, "c2": 854.7158973739705, "c3": 100.0}, "datetime": {"datetime": "2023-06-02 18:26:56", "elapsed": 3.852193, "delta": 0.296988}}
{"target": -80.28483203650316, "params": {"c1": 984.5210614741281, "c2": 728.5329478882034, "c3": 10.0}, "datetime": {"datetime": "2023-06-02 18:26:56", "elapsed": 4.124506, "delta": 0.272313}}
{"target": -31.210059581085112, "params": {"c1": 1460.677255164823, "c2": 596.7801895837105, "c3": 100.0}, "datetime": {"datetime": "2023-06-02 18:26:56", "elapsed": 4.416945, "delta": 0.292439}}
{"target": -35.63783844808552, "params": {"c1": 1395.3967490141558, "c2": 371.72415028484045, "c3": 100.0}, "datetime": {"datetime": "2023-06-02 18:26:57", "elapsed": 4.754182, "delta": 0.337237}}
{"target": -250.82958334678577, "params": {"c1": 1800.0, "c2": 1000.0, "c3": 100.0}, "datetime": {"datetime": "2023-06-02 18:26:57", "elapsed": 5.057236, "delta": 0.303054}}
{"target": -32.399293241221656, "params": {"c1": 1463.3342970762365, "c2": 466.265994030941, "c3": 100.0}, "datetime": {"datetime": "2023-06-02 18:26:57", "elapsed": 5.371839, "delta": 0.314603}}
{"target": -33.569701716015835, "params": {"c1": 1399.3172276887751, "c2": 945.0735647172055, "c3": 100.0}, "datetime": {"datetime": "2023-06-02 18:27:07", "elapsed": 0.0, "delta": 0.0}}
{"target": -55.04566058483, "params": {"c1": 1360.7992887409791, "c2": 184.57801932465853, "c3": 100.0}, "datetime": {"datetime": "2023-06-02 18:27:07", "elapsed": 0.321637, "delta": 0.321637}}
{"target": -76.1998037409367, "params": {"c1": 1011.279867106721, "c2": 1000.0, "c3": 10.0}, "datetime": {"datetime": "2023-06-02 18:27:07", "elapsed": 0.654228, "delta": 0.332591}}
{"target": -65.77598759583448, "params": {"c1": 1522.4690264092558, "c2": 725.0551351975464, "c3": 100.0}, "datetime": {"datetime": "2023-06-02 18:27:08", "elapsed": 0.974468, "delta": 0.32024}}
{"target": -25.50879370203396, "params": {"c1": 1441.9893177604836, "c2": 745.2827811491438, "c3": 100.0}, "datetime": {"datetime": "2023-06-02 18:27:08", "elapsed": 1.359336, "delta": 0.384868}}
{"target": -25.130029384472838, "params": {"c1": 1419.0673326326173, "c2": 79.38718986568368, "c3": 98.29167349132592}, "datetime": {"datetime": "2023-06-02 18:27:08", "elapsed": 1.672744, "delta": 0.313408}}
{"target": -59.151948825539684, "params": {"c1": 1354.5643152998664, "c2": 10.0, "c3": 100.0}, "datetime": {"datetime": "2023-06-02 18:27:09", "elapsed": 1.992692, "delta": 0.319948}}
{"target": -239.5693177705049, "params": {"c1": 1082.3008426224778, "c2": 1000.0, "c3": 100.0}, "datetime": {"datetime": "2023-06-02 18:27:09", "elapsed": 2.351013, "delta": 0.358321}}
{"target": -39.128203750091835, "params": {"c1": 1477.1566611445198, "c2": 383.22166617943805, "c3": 100.0}, "datetime": {"datetime": "2023-06-02 18:27:09", "elapsed": 2.687063, "delta": 0.33605}}
{"target": -72.24115469672765, "params": {"c1": 1203.7062886013875, "c2": 181.89481538254898, "c3": 72.89596660261041}, "datetime": {"datetime": "2023-06-02 18:27:10", "elapsed": 3.015814, "delta": 0.328751}}
{"target": -63.79577582897151, "params": {"c1": 1328.0789107555606, "c2": 559.9993264286396, "c3": 96.4741029892418}, "datetime": {"datetime": "2023-06-02 18:27:10", "elapsed": 3.313507, "delta": 0.297693}}
{"target": -83.5274219520562, "params": {"c1": 975.2249948426495, "c2": 631.4772751606628, "c3": 10.0}, "datetime": {"datetime": "2023-06-02 18:27:10", "elapsed": 3.630154, "delta": 0.316647}}
{"target": -129.0931510422375, "params": {"c1": 1246.4582790495933, "c2": 698.3757229076024, "c3": 100.0}, "datetime": {"datetime": "2023-06-02 18:27:11", "elapsed": 3.958479, "delta": 0.328325}}
{"target": -84.08700749751434, "params": {"c1": 1314.7054451424221, "c2": 364.84917479238834, "c3": 100.0}, "datetime": {"datetime": "2023-06-02 18:27:11", "elapsed": 4.290833, "delta": 0.332354}}
{"target": -95.20202932590828, "params": {"c1": 1070.3747579577246, "c2": 914.3458008940053, "c3": 10.0}, "datetime": {"datetime": "2023-06-02 18:27:11", "elapsed": 4.624882, "delta": 0.334049}}
{"target": -28.44631894865491, "params": {"c1": 1412.6028399735526, "c2": 438.74986191001653, "c3": 100.0}, "datetime": {"datetime": "2023-06-02 18:27:12", "elapsed": 4.944743, "delta": 0.319861}}
{"target": -81.2374534385306, "params": {"c1": 981.6091040873343, "c2": 891.5986632987209, "c3": 10.0}, "datetime": {"datetime": "2023-06-02 18:27:12", "elapsed": 5.279179, "delta": 0.334436}}
{"target": -29.177879262754537, "params": {"c1": 1452.5389571359806, "c2": 10.0, "c3": 100.0}, "datetime": {"datetime": "2023-06-02 18:27:12", "elapsed": 5.658826, "delta": 0.379647}}
{"target": -54.88056996121531, "params": {"c1": 1361.2659704651132, "c2": 71.0240798553481, "c3": 100.0}, "datetime": {"datetime": "2023-06-02 18:27:13", "elapsed": 5.990816, "delta": 0.33199}}
{"target": -89.58193918747983, "params": {"c1": 961.4698137495549, "c2": 82.65768071481764, "c3": 10.0}, "datetime": {"datetime": "2023-06-02 18:27:13", "elapsed": 6.374276, "delta": 0.38346}}
{"target": -72.49153806390827, "params": {"c1": 1286.37722402498, "c2": 181.64238639351132, "c3": 90.77032505260745}, "datetime": {"datetime": "2023-06-02 18:27:15", "elapsed": 0.0, "delta": 0.0}}
{"target": -69.22958501820105, "params": {"c1": 1337.8926888051608, "c2": 255.51362797857584, "c3": 100.0}, "datetime": {"datetime": "2023-06-02 18:27:16", "elapsed": 0.452312, "delta": 0.452312}}
{"target": -27.31519335283725, "params": {"c1": 1415.706419334769, "c2": 801.3962869511358, "c3": 100.0}, "datetime": {"datetime": "2023-06-02 18:27:16", "elapsed": 0.844268, "delta": 0.391956}}
{"target": -25.978120445878705, "params": {"c1": 1443.1597224313625, "c2": 314.96391816372756, "c3": 100.0}, "datetime": {"datetime": "2023-06-02 18:27:16", "elapsed": 1.2498, "delta": 0.405532}}
{"target": -30.499836072263466, "params": {"c1": 1458.83815334519, "c2": 528.3988543408725, "c3": 100.0}, "datetime": {"datetime": "2023-06-02 18:27:17", "elapsed": 1.680051, "delta": 0.430251}}
{"target": -378.1709028749259, "params": {"c1": 1488.4908701017143, "c2": 11.507459716908661, "c3": 25.394233137654552}, "datetime": {"datetime": "2023-06-02 18:27:17", "elapsed": 2.054677, "delta": 0.374626}}
{"target": -68.6357297602944, "params": {"c1": 1338.6066724562984, "c2": 942.6558881380633, "c3": 100.0}, "datetime": {"datetime": "2023-06-02 18:27:18", "elapsed": 2.429386, "delta": 0.374709}}
{"target": -29.604323420829026, "params": {"c1": 1455.8546934180638, "c2": 216.41203995578, "c3": 100.0}, "datetime": {"datetime": "2023-06-02 18:27:18", "elapsed": 2.819336, "delta": 0.38995}}
{"target": -31.749309772803617, "params": {"c1": 1462.229552233732, "c2": 919.3373683127181, "c3": 100.0}, "datetime": {"datetime": "2023-06-02 18:27:18", "elapsed": 3.2599, "delta": 0.440564}}
{"target": -51.40404488857891, "params": {"c1": 1498.5626138622547, "c2": 271.34811081586645, "c3": 99.94870995439497}, "datetime": {"datetime": "2023-06-02 18:27:19", "elapsed": 3.806172, "delta": 0.546272}}
{"target": -64.83225695965547, "params": {"c1": 1520.680458321958, "c2": 168.07084421888752, "c3": 100.0}, "datetime": {"datetime": "2023-06-02 18:27:19", "elapsed": 4.236689, "delta": 0.430517}}
{"target": -86.43064782214277, "params": {"c1": 1053.5653389839124, "c2": 597.8678928919894, "c3": 10.0}, "datetime": {"datetime": "2023-06-02 18:27:20", "elapsed": 4.670227, "delta": 0.433538}}
{"target": -81.88684266416732, "params": {"c1": 979.4970869034339, "c2": 451.8943593247757, "c3": 10.0}, "datetime": {"datetime": "2023-06-02 18:27:20", "elapsed": 5.066945, "delta": 0.396718}}
{"target": -29.738339969805732, "params": {"c1": 1408.5814219709684, "c2": 705.4167685289847, "c3": 100.0}, "datetime": {"datetime": "2023-06-02 18:27:21", "elapsed": 5.459958, "delta": 0.393013}}
{"target": -65.29929497637492, "params": {"c1": 1521.6269756509405, "c2": 478.02594776046783, "c3": 100.0}, "datetime": {"datetime": "2023-06-02 18:27:21", "elapsed": 5.873639, "delta": 0.413681}}
{"target": -29.63221126231468, "params": {"c1": 1455.4524944970412, "c2": 144.49065087510633, "c3": 99.9579922854066}, "datetime": {"datetime": "2023-06-02 18:27:21", "elapsed": 6.271294, "delta": 0.397655}}
{"target": -28.607136299568285, "params": {"c1": 1411.8700093334678, "c2": 595.5462271249396, "c3": 100.0}, "datetime": {"datetime": "2023-06-02 18:27:22", "elapsed": 6.680166, "delta": 0.408872}}
{"target": -28.343881720123456, "params": {"c1": 1450.9194740724695, "c2": 49.047991182356014, "c3": 100.0}, "datetime": {"datetime": "2023-06-02 18:27:22", "elapsed": 7.11323, "delta": 0.433064}}
{"target": -121.3093200716323, "params": {"c1": 912.6736919990379, "c2": 529.1115158200723, "c3": 10.0}, "datetime": {"datetime": "2023-06-02 18:27:23", "elapsed": 7.532072, "delta": 0.418842}}
{"target": -24.838165955635844, "params": {"c1": 1428.1996230619955, "c2": 1000.0, "c3": 100.0}, "datetime": {"datetime": "2023-06-02 18:27:23", "elapsed": 7.937427, "delta": 0.405355}}
{"target": -95.23837713014635, "params": {"c1": 951.7391114313302, "c2": 993.3368868712623, "c3": 10.109183614820573}, "datetime": {"datetime": "2023-06-02 18:27:25", "elapsed": 0.0, "delta": 0.0}}
{"target": -27.196612980875564, "params": {"c1": 1416.6361254223457, "c2": 489.1417528410634, "c3": 100.0}, "datetime": {"datetime": "2023-06-02 18:27:25", "elapsed": 0.418062, "delta": 0.418062}}
{"target": -103.71360314715567, "params": {"c1": 1284.3415868381487, "c2": 493.2182988398606, "c3": 46.8893638391739}, "datetime": {"datetime": "2023-06-02 18:27:26", "elapsed": 0.879217, "delta": 0.461155}}
{"target": -101.23183020866053, "params": {"c1": 942.2569019307623, "c2": 171.80033451550136, "c3": 10.367027907233929}, "datetime": {"datetime": "2023-06-02 18:27:26", "elapsed": 1.303001, "delta": 0.423784}}
{"target": -30.531364724981117, "params": {"c1": 1406.3824552763267, "c2": 888.4639556961068, "c3": 100.0}, "datetime": {"datetime": "2023-06-02 18:27:27", "elapsed": 1.784324, "delta": 0.481323}}
{"target": -88.25238410475926, "params": {"c1": 1057.381665713794, "c2": 728.8987370988215, "c3": 10.0}, "datetime": {"datetime": "2023-06-02 18:27:27", "elapsed": 2.284166, "delta": 0.499842}}
{"target": -92.16256694998526, "params": {"c1": 1563.1350698157826, "c2": 89.89409524014225, "c3": 100.0}, "datetime": {"datetime": "2023-06-02 18:27:28", "elapsed": 2.785264, "delta": 0.501098}}
{"target": -25.015293765446398, "params": {"c1": 1420.503624916812, "c2": 228.73448343728634, "c3": 98.71852308852723}, "datetime": {"datetime": "2023-06-02 18:27:28", "elapsed": 3.239854, "delta": 0.45459}}
{"target": -29.775290500987172, "params": {"c1": 1411.192212785619, "c2": 10.0, "c3": 100.0}, "datetime": {"datetime": "2023-06-02 18:27:28", "elapsed": 3.678059, "delta": 0.438205}}
{"target": -69.35138177787513, "params": {"c1": 1177.561414390362, "c2": 112.49676909442128, "c3": 65.8490171931792}, "datetime": {"datetime": "2023-06-02 18:27:29", "elapsed": 4.173003, "delta": 0.494944}}
{"target": -25.619208630039576, "params": {"c1": 1425.7448806882323, "c2": 185.72285510602327, "c3": 100.0}, "datetime": {"datetime": "2023-06-02 18:27:29", "elapsed": 4.694301, "delta": 0.521298}}
{"target": -94.1155011987421, "params": {"c1": 1068.6134672672429, "c2": 486.1301011048352, "c3": 10.0}, "datetime": {"datetime": "2023-06-02 18:27:30", "elapsed": 5.181523, "delta": 0.487222}}
{"target": -52.2826324192867, "params": {"c1": 1500.367345999838, "c2": 333.9324655213388, "c3": 100.0}, "datetime": {"datetime": "2023-06-02 18:27:30", "elapsed": 5.739055, "delta": 0.557532}}
{"target": -25.13821004467207, "params": {"c1": 1437.1907537333682, "c2": 366.6627205797212, "c3": 100.0}, "datetime": {"datetime": "2023-06-02 18:27:31", "elapsed": 6.15112, "delta": 0.412065}}
{"target": -62.16696739571861, "params": {"c1": 1348.9429880101075, "c2": 697.8632255606748, "c3": 100.0}, "datetime": {"datetime": "2023-06-02 18:27:31", "elapsed": 6.681254, "delta": 0.530134}}
{"target": -30.832187348275884, "params": {"c1": 1459.8659490114806, "c2": 711.0229353223618, "c3": 100.0}, "datetime": {"datetime": "2023-06-02 18:27:32", "elapsed": 7.134117, "delta": 0.452863}}
{"target": -101.35844759185932, "params": {"c1": 1080.752220815743, "c2": 299.4090840623015, "c3": 10.0}, "datetime": {"datetime": "2023-06-02 18:27:32", "elapsed": 7.626154, "delta": 0.492037}}
{"target": -93.39240587335715, "params": {"c1": 1067.711292299824, "c2": 86.68208092184058, "c3": 10.0}, "datetime": {"datetime": "2023-06-02 18:27:33", "elapsed": 8.117448, "delta": 0.491294}}
{"target": -25.372962980675908, "params": {"c1": 1441.3462173863845, "c2": 954.3274836785002, "c3": 99.91550375192003}, "datetime": {"datetime": "2023-06-02 18:27:33", "elapsed": 8.539947, "delta": 0.422499}}
{"target": -25.657504760012543, "params": {"c1": 1441.7735231918334, "c2": 413.2054185882748, "c3": 100.0}, "datetime": {"datetime": "2023-06-02 18:27:34", "elapsed": 9.021899, "delta": 0.481952}}
{"target": -331.9513127358762, "params": {"c1": 1466.116104157648, "c2": 293.2779416008757, "c3": 30.41663082077828}, "datetime": {"datetime": "2023-06-20 19:57:14", "elapsed": 0.0, "delta": 0.0}}
{"target": -115.80286232403083, "params": {"c1": 1306.4462459911804, "c2": 722.2742800877074, "c3": 48.07958141120149}, "datetime": {"datetime": "2023-06-20 19:57:14", "elapsed": 0.001995, "delta": 0.001995}}
{"target": -471.9831547341162, "params": {"c1": 1778.840618223077, "c2": 687.9814411990146, "c3": 53.283871133592484}, "datetime": {"datetime": "2023-06-20 19:57:14", "elapsed": 0.00399, "delta": 0.001995}}
{"target": -133.00717165642544, "params": {"c1": 1131.3292700135655, "c2": 349.7462359893607, "c3": 75.61447366456375}, "datetime": {"datetime": "2023-06-20 19:57:14", "elapsed": 0.005012, "delta": 0.001022}}
{"target": -44.57178110317995, "params": {"c1": 1182.4294691475868, "c2": 69.08111764347267, "c3": 45.82398297973883}, "datetime": {"datetime": "2023-06-20 19:57:14", "elapsed": 0.005986, "delta": 0.000974}}
{"target": -396.95120531299705, "params": {"c1": 1511.7949463052391, "c2": 190.666813148965, "c3": 25.790658053274328}, "datetime": {"datetime": "2023-06-20 19:57:14", "elapsed": 0.008005, "delta": 0.002019}}
{"target": -32.30180372075409, "params": {"c1": 1284.7065112260223, "c2": 536.5093112258974, "c3": 67.0960862696189}, "datetime": {"datetime": "2023-06-20 19:57:14", "elapsed": 0.008976, "delta": 0.000971}}
{"target": -296.32149734307967, "params": {"c1": 1634.3749734855685, "c2": 727.2107716120289, "c3": 64.99211596098246}, "datetime": {"datetime": "2023-06-20 19:57:14", "elapsed": 0.009974, "delta": 0.000998}}
{"target": -294.68950423851345, "params": {"c1": 1494.6877208272438, "c2": 329.72932471464645, "c3": 42.56097900600827}, "datetime": {"datetime": "2023-06-20 19:57:14", "elapsed": 0.011996, "delta": 0.002022}}
{"target": -242.36898518213482, "params": {"c1": 951.0895539668512, "c2": 300.77690592494105, "c3": 66.7878511469039}, "datetime": {"datetime": "2023-06-20 19:57:14", "elapsed": 0.012979, "delta": 0.000983}}
{"target": -314.1426651887482, "params": {"c1": 801.3154339395827, "c2": 439.36416095273296, "c3": 48.77764869966794}, "datetime": {"datetime": "2023-06-20 19:57:14", "elapsed": 0.019953, "delta": 0.006974}}
{"target": -108.10684342447506, "params": {"c1": 1243.053607415337, "c2": 431.5719873928697, "c3": 38.103510067521874}, "datetime": {"datetime": "2023-06-20 19:57:14", "elapsed": 0.021942, "delta": 0.001989}}
{"target": -165.85899561698642, "params": {"c1": 1168.986437659089, "c2": 894.4552714859634, "c3": 94.97440163834916}, "datetime": {"datetime": "2023-06-20 19:57:14", "elapsed": 0.022942, "delta": 0.001}}
{"target": -193.46331175826873, "params": {"c1": 1252.0203434727703, "c2": 627.7134222741901, "c3": 20.405655557136615}, "datetime": {"datetime": "2023-06-20 19:57:14", "elapsed": 0.024965, "delta": 0.002023}}
{"target": -228.9925960357795, "params": {"c1": 1049.014030002353, "c2": 420.67794983409544, "c3": 87.96782420950294}, "datetime": {"datetime": "2023-06-20 19:57:14", "elapsed": 0.025963, "delta": 0.000998}}
{"target": -308.6287109131197, "params": {"c1": 975.5009019361573, "c2": 488.2039216200773, "c3": 98.70038070496345}, "datetime": {"datetime": "2023-06-20 19:57:14", "elapsed": 0.026933, "delta": 0.00097}}
{"target": -208.28525244077716, "params": {"c1": 1271.4336311857903, "c2": 616.765580505338, "c3": 20.856579939129137}, "datetime": {"datetime": "2023-06-20 19:57:14", "elapsed": 0.029925, "delta": 0.002992}}
