{"target": -305.69162921690037, "params": {"c1": 1608.9748805575166, "c2": 607.0295271268182, "c3": 59.056120581981844}, "datetime": {"datetime": "2023-06-20 19:57:14", "elapsed": 0.032913, "delta": 0.002988}}
{"target": -89.34427512320765, "params": {"c1": 1077.0402171517392, "c2": 311.0795811369122, "c3": 47.531998992223144}, "datetime": {"datetime": "2023-06-20 19:57:14", "elapsed": 0.034917, "delta": 0.002004}}
{"target": -194.25289161206052, "params": {"c1": 1449.4308423720763, "c2": 876.7022733772232, "c3": 55.938010373021}, "datetime": {"datetime": "2023-06-20 19:57:14", "elapsed": 0.036926, "delta": 0.002009}}
{"target": -138.7447266868649, "params": {"c1": 1436.2451612584996, "c2": 590.0771870365908, "c3": 66.24131518860398}, "datetime": {"datetime": "2023-06-20 19:57:14", "elapsed": 0.037931, "delta": 0.001005}}
{"target": -379.39295650704264, "params": {"c1": 1442.1579560866073, "c2": 843.9190132440547, "c3": 17.48754894991949}, "datetime": {"datetime": "2023-06-20 19:57:14", "elapsed": 0.038932, "delta": 0.001001}}
{"target": -412.8521973542401, "params": {"c1": 1540.051125587672, "c2": 251.22971079150525, "c3": 27.48006645208938}, "datetime": {"datetime": "2023-06-20 19:57:14", "elapsed": 0.040923, "delta": 0.001991}}
{"target": -41.54456418832172, "params": {"c1": 1329.7026532406203, "c2": 104.75539144626325, "c3": 89.67941436476256}, "datetime": {"datetime": "2023-06-20 19:57:14", "elapsed": 0.041922, "delta": 0.000999}}
{"target": -364.0645691008145, "params": {"c1": 1389.9738692563956, "c2": 726.1821946080552, "c3": 11.451628602551514}, "datetime": {"datetime": "2023-06-20 19:57:14", "elapsed": 0.043896, "delta": 0.001974}}
{"target": -264.1949746553697, "params": {"c1": 1353.8750673895468, "c2": 561.2173404703458, "c3": 24.306367973025047}, "datetime": {"datetime": "2023-06-20 19:57:14", "elapsed": 0.044914, "delta": 0.001018}}
{"target": -232.30306979661216, "params": {"c1": 868.3775666372504, "c2": 698.5742334832017, "c3": 38.68897837436887}, "datetime": {"datetime": "2023-06-20 19:57:14", "elapsed": 0.045879, "delta": 0.000965}}
{"target": -254.84668289436004, "params": {"c1": 1461.1673250850017, "c2": 558.8394172205943, "c3": 45.00555167108301}, "datetime": {"datetime": "2023-06-20 19:57:14", "elapsed": 0.047892, "delta": 0.002013}}
{"target": -484.28768509376977, "params": {"c1": 1717.6457385753847, "c2": 843.2532969435891, "c3": 42.16578100148586}, "datetime": {"datetime": "2023-06-20 19:57:14", "elapsed": 0.050864, "delta": 0.002972}}
{"target": -351.09187981039025, "params": {"c1": 747.9506101789447, "c2": 311.7203926769865, "c3": 45.83671137261829}, "datetime": {"datetime": "2023-06-20 19:57:14", "elapsed": 0.051861, "delta": 0.000997}}
{"target": -281.2233185618803, "params": {"c1": 1475.4547134964985, "c2": 995.4048972136773, "c3": 42.03233791457136}, "datetime": {"datetime": "2023-06-20 19:57:14", "elapsed": 0.052859, "delta": 0.000998}}
{"target": -189.75208339902446, "params": {"c1": 1538.802595163977, "c2": 597.2451473965989, "c3": 72.25316188301593}, "datetime": {"datetime": "2023-06-20 19:57:14", "elapsed": 0.054889, "delta": 0.00203}}
{"target": -215.18134214788935, "params": {"c1": 866.2401975828882, "c2": 404.887529798895, "c3": 31.677030795126203}, "datetime": {"datetime": "2023-06-20 19:57:14", "elapsed": 0.055884, "delta": 0.000995}}
{"target": -155.4835468807185, "params": {"c1": 1077.8016154531574, "c2": 517.9968726570121, "c3": 69.99620951476645}, "datetime": {"datetime": "2023-06-20 19:57:14", "elapsed": 0.056884, "delta": 0.001}}
{"target": -276.84081732349557, "params": {"c1": 816.4993335624952, "c2": 139.58600115743994, "c3": 38.97825458214773}, "datetime": {"datetime": "2023-06-20 19:57:14", "elapsed": 0.057867, "delta": 0.000983}}
{"target": -160.06399039779964, "params": {"c1": 1427.7207703328681, "c2": 848.0411630180148, "c3": 59.79316103170421}, "datetime": {"datetime": "2023-06-20 19:57:14", "elapsed": 0.058844, "delta": 0.000977}}
{"target": -438.828381804139, "params": {"c1": 1639.8977362769551, "c2": 390.9894331630035, "c3": 38.510910740654175}, "datetime": {"datetime": "2023-06-20 19:57:14", "elapsed": 0.059875, "delta": 0.001031}}
{"target": -190.45082814623424, "params": {"c1": 1089.6911431508463, "c2": 179.37101091304808, "c3": 84.62013710517014}, "datetime": {"datetime": "2023-06-20 19:57:14", "elapsed": 0.060884, "delta": 0.001009}}
{"target": -135.5162908124639, "params": {"c1": 1072.5379305057593, "c2": 556.8463745411324, "c3": 62.06963212979497}, "datetime": {"datetime": "2023-06-20 19:57:14", "elapsed": 0.061867, "delta": 0.000983}}
{"target": -107.81841747818342, "params": {"c1": 1273.6863653370656, "c2": 12.661183928577486, "c3": 98.95108773545381}, "datetime": {"datetime": "2023-06-20 19:57:14", "elapsed": 0.062833, "delta": 0.000966}}
{"target": -499.27206992820413, "params": {"c1": 1695.875733227771, "c2": 215.55950258436124, "c3": 36.32404715131823}, "datetime": {"datetime": "2023-06-20 19:57:14", "elapsed": 0.062833, "delta": 0.0}}
{"target": -107.29956012435345, "params": {"c1": 1272.0111683797318, "c2": 902.8922589340639, "c3": 98.52677964205509}, "datetime": {"datetime": "2023-06-20 19:57:14", "elapsed": 0.065865, "delta": 0.003032}}
{"target": -261.3258486465155, "params": {"c1": 983.2962705694914, "c2": 568.7154524955339, "c3": 82.62718157234612}, "datetime": {"datetime": "2023-06-20 19:57:14", "elapsed": 0.066822, "delta": 0.000957}}
{"target": -82.6573988511854, "params": {"c1": 1133.8070593480522, "c2": 733.7623054861115, "c3": 24.496211298629333}, "datetime": {"datetime": "2023-06-20 19:57:14", "elapsed": 0.067852, "delta": 0.00103}}
{"target": -50.079263475482776, "params": {"c1": 1360.7684246169488, "c2": 867.205813720232, "c3": 98.51694482832}, "datetime": {"datetime": "2023-06-20 19:57:14", "elapsed": 0.06885, "delta": 0.000998}}
{"target": -274.8929424906438, "params": {"c1": 787.3023694158173, "c2": 434.06380195393973, "c3": 28.408857359178494}, "datetime": {"datetime": "2023-06-20 19:57:14", "elapsed": 0.069848, "delta": 0.000998}}
{"target": -154.39814948464334, "params": {"c1": 1195.7001395706084, "c2": 552.2859369025655, "c3": 18.39940393328387}, "datetime": {"datetime": "2023-06-20 19:57:14", "elapsed": 0.069848, "delta": 0.0}}
{"target": -168.30493762740014, "params": {"c1": 1026.5468530287474, "c2": 928.308397750626, "c3": 61.21033582871758}, "datetime": {"datetime": "2023-06-20 19:57:14", "elapsed": 0.070845, "delta": 0.000997}}
{"target": -84.61302869635873, "params": {"c1": 1203.153197275973, "c2": 755.9907308901334, "c3": 76.76759366578335}, "datetime": {"datetime": "2023-06-20 19:57:14", "elapsed": 0.071842, "delta": 0.000997}}
{"target": -433.7549786720781, "params": {"c1": 753.4369361286956, "c2": 711.6104214883186, "c3": 85.53190130245753}, "datetime": {"datetime": "2023-06-20 19:57:14", "elapsed": 0.072805, "delta": 0.000963}}
{"target": -212.50235979759668, "params": {"c1": 882.5316726276493, "c2": 783.1879586199577, "c3": 35.788295505619175}, "datetime": {"datetime": "2023-06-20 19:57:14", "elapsed": 0.073804, "delta": 0.000999}}
{"target": -66.38166821302416, "params": {"c1": 1037.116728662513, "c2": 668.6088506961862, "c3": 20.025295444694418}, "datetime": {"datetime": "2023-06-20 19:57:14", "elapsed": 0.074801, "delta": 0.000997}}
{"target": -108.2196447216395, "params": {"c1": 1431.3596936836238, "c2": 888.9782247494604, "c3": 72.66801414118657}, "datetime": {"datetime": "2023-06-20 19:57:14", "elapsed": 0.075798, "delta": 0.000997}}
{"target": -104.72913199160584, "params": {"c1": 1184.36066433195, "c2": 443.8322405334525, "c3": 78.85864857153759}, "datetime": {"datetime": "2023-06-20 19:57:14", "elapsed": 0.076795, "delta": 0.000997}}
{"target": -70.0176429301943, "params": {"c1": 1322.206201348471, "c2": 94.05512155989942, "c3": 62.44039790752642}, "datetime": {"datetime": "2023-06-20 19:57:14", "elapsed": 0.077824, "delta": 0.001029}}
{"target": -140.10870758928917, "params": {"c1": 1596.3280731827508, "c2": 343.69571961313386, "c3": 93.48189216178505}, "datetime": {"datetime": "2023-06-20 19:57:14", "elapsed": 0.078818, "delta": 0.000994}}
{"target": -156.57730065263678, "params": {"c1": 1525.7887003774847, "c2": 578.3231868984648, "c3": 77.64795899136266}, "datetime": {"datetime": "2023-06-20 19:57:14", "elapsed": 0.07982, "delta": 0.001002}}
{"target": -406.225237126907, "params": {"c1": 787.0638568120257, "c2": 860.7951849238053, "c3": 83.93537018805021}, "datetime": {"datetime": "2023-06-20 19:57:14", "elapsed": 0.080784, "delta": 0.000964}}
{"target": -619.0698063510005, "params": {"c1": 1700.8588255712298, "c2": 137.34488553428622, "c3": 17.36020783845867}, "datetime": {"datetime": "2023-06-20 19:57:14", "elapsed": 0.081783, "delta": 0.000999}}
{"target": -270.9147935798814, "params": {"c1": 852.2571300597488, "c2": 405.3849230017721, "c3": 48.187617497289274}, "datetime": {"datetime": "2023-06-20 19:57:14", "elapsed": 0.082779, "delta": 0.000996}}
{"target": -214.6454369315354, "params": {"c1": 1318.4402166039963, "c2": 131.02111413618002, "c3": 28.125955124323376}, "datetime": {"datetime": "2023-06-20 19:57:14", "elapsed": 0.08381, "delta": 0.001031}}
{"target": -183.2914130291899, "params": {"c1": 1592.8087831124237, "c2": 473.3076983161819, "c3": 82.71443885352491}, "datetime": {"datetime": "2023-06-20 19:57:14", "elapsed": 0.084811, "delta": 0.001001}}
{"target": -481.99603689243486, "params": {"c1": 708.1690163990743, "c2": 556.0767987225814, "c3": 93.87389332690103}, "datetime": {"datetime": "2023-06-20 19:57:14", "elapsed": 0.085804, "delta": 0.000993}}
{"target": -38.749104659770815, "params": {"c1": 1340.3930050604572, "c2": 214.03477017082142, "c3": 74.59818060516018}, "datetime": {"datetime": "2023-06-20 19:57:14", "elapsed": 0.086776, "delta": 0.000972}}
{"target": -116.16553017480892, "params": {"c1": 1116.8844346688095, "c2": 671.7001077868653, "c3": 12.638775060439414}, "datetime": {"datetime": "2023-06-20 19:57:14", "elapsed": 0.087765, "delta": 0.000989}}
{"target": -68.56303032948357, "params": {"c1": 1399.4903952864918, "c2": 41.875955588544755, "c3": 77.03025896275894}, "datetime": {"datetime": "2023-06-20 19:57:14", "elapsed": 0.088763, "delta": 0.000998}}
{"target": -33.562517499188644, "params": {"c1": 1220.2043024623006, "c2": 130.53681191832317, "c3": 58.83723332096554}, "datetime": {"datetime": "2023-06-20 19:57:14", "elapsed": 0.089761, "delta": 0.000998}}
{"target": -448.24577103389055, "params": {"c1": 773.4518875475052, "c2": 656.8312226395103, "c3": 99.64776946310428}, "datetime": {"datetime": "2023-06-20 19:57:14", "elapsed": 0.09079, "delta": 0.001029}}
{"target": -465.14444614064394, "params": {"c1": 1546.3370707813585, "c2": 578.0363725222362, "c3": 19.23717332897163}, "datetime": {"datetime": "2023-06-20 19:57:14", "elapsed": 0.091756, "delta": 0.000966}}
{"target": -422.0383418010325, "params": {"c1": 1469.817482250206, "c2": 664.5561886546518, "c3": 14.418741756049869}, "datetime": {"datetime": "2023-06-20 19:57:14", "elapsed": 0.092753, "delta": 0.000997}}
{"target": -329.3659814469295, "params": {"c1": 1571.5292320290496, "c2": 523.5294249816001, "c3": 48.32809247799272}, "datetime": {"datetime": "2023-06-20 19:57:14", "elapsed": 0.09375, "delta": 0.000997}}
{"target": -300.7659032424293, "params": {"c1": 1567.005890961612, "c2": 417.45353097674877, "c3": 53.29236479546382}, "datetime": {"datetime": "2023-06-20 19:57:14", "elapsed": 0.094747, "delta": 0.000997}}
{"target": -330.25737414543346, "params": {"c1": 899.7917269412071, "c2": 328.1057105113644, "c3": 86.09796969063119}, "datetime": {"datetime": "2023-06-20 19:57:14", "elapsed": 0.095778, "delta": 0.001031}}
{"target": -356.98907682622246, "params": {"c1": 905.5941238193868, "c2": 423.1181502943107, "c3": 99.01310566557694}, "datetime": {"datetime": "2023-06-20 19:57:14", "elapsed": 0.096779, "delta": 0.001001}}
{"target": -303.8459843144193, "params": {"c1": 960.2597928760713, "c2": 917.6640096094407, "c3": 92.65577210250697}, "datetime": {"datetime": "2023-06-20 19:57:14", "elapsed": 0.098776, "delta": 0.001997}}
{"target": -330.52679195486445, "params": {"c1": 800.425976423522, "c2": 469.0161976366609, "c3": 55.199470179050834}, "datetime": {"datetime": "2023-06-20 19:57:14", "elapsed": 0.099734, "delta": 0.000958}}
{"target": -73.81521847853452, "params": {"c1": 1045.0358450573403, "c2": 56.866141865359616, "c3": 31.751707352085806}, "datetime": {"datetime": "2023-06-20 19:57:14", "elapsed": 0.100731, "delta": 0.000997}}
{"target": -390.5341336829222, "params": {"c1": 805.082605710897, "c2": 245.86740665528765, "c3": 82.70119776611405}, "datetime": {"datetime": "2023-06-20 19:57:14", "elapsed": 0.101729, "delta": 0.000998}}
{"target": -484.52586511385596, "params": {"c1": 1684.476116674613, "c2": 52.790663158850336, "c3": 37.17521526364471}, "datetime": {"datetime": "2023-06-20 19:57:14", "elapsed": 0.10273, "delta": 0.001001}}
{"target": -400.63831854118, "params": {"c1": 1778.6404184537164, "c2": 544.109774328198, "c3": 66.36784255388707}, "datetime": {"datetime": "2023-06-20 19:57:14", "elapsed": 0.103726, "delta": 0.000996}}
{"target": -492.7648650081769, "params": {"c1": 706.099949247595, "c2": 490.06034900813364, "c3": 98.94956811601487}, "datetime": {"datetime": "2023-06-20 19:57:14", "elapsed": 0.105718, "delta": 0.001992}}
{"target": -74.69029860961898, "params": {"c1": 1112.704080231078, "c2": 106.06777705247262, "c3": 51.57178854116036}, "datetime": {"datetime": "2023-06-20 19:57:14", "elapsed": 0.106717, "delta": 0.000999}}
{"target": -307.47315014451107, "params": {"c1": 1759.304912591484, "c2": 348.41230742936625, "c3": 81.90304598935118}, "datetime": {"datetime": "2023-06-20 19:57:14", "elapsed": 0.107714, "delta": 0.000997}}
{"target": -327.2730388431183, "params": {"c1": 1578.730964334368, "c2": 216.16581377154728, "c3": 49.90309316210906}, "datetime": {"datetime": "2023-06-20 19:57:14", "elapsed": 0.108711, "delta": 0.000997}}
{"target": -367.49425353968485, "params": {"c1": 1487.1614026697353, "c2": 416.4145875597886, "c3": 27.1906259833379}, "datetime": {"datetime": "2023-06-20 19:57:14", "elapsed": 0.109709, "delta": 0.000998}}
{"target": -282.2752025552413, "params": {"c1": 1764.2437374870603, "c2": 654.2428628115305, "c3": 87.89138663706095}, "datetime": {"datetime": "2023-06-20 19:57:14", "elapsed": 0.110704, "delta": 0.000995}}
{"target": -388.7836970068712, "params": {"c1": 727.7665935796081, "c2": 274.2367566432234, "c3": 55.18639902940686}, "datetime": {"datetime": "2023-06-20 19:57:14", "elapsed": 0.111704, "delta": 0.001}}
{"target": -293.5610721675879, "params": {"c1": 774.193498643057, "c2": 993.1029284838438, "c3": 31.2816156578226}, "datetime": {"datetime": "2023-06-20 19:57:14", "elapsed": 0.113082, "delta": 0.001378}}
{"target": -86.46915526831579, "params": {"c1": 1111.7214005799929, "c2": 221.8717957592628, "c3": 19.49012794949057}, "datetime": {"datetime": "2023-06-20 19:57:14", "elapsed": 0.114069, "delta": 0.000987}}
{"target": -239.67399216310508, "params": {"c1": 955.7277641646593, "c2": 307.6040341481727, "c3": 67.09980411094952}, "datetime": {"datetime": "2023-06-20 19:57:14", "elapsed": 0.116101, "delta": 0.002032}}
{"target": -75.50079629080591, "params": {"c1": 1009.3582595981993, "c2": 368.6539933668105, "c3": 10.534855935117683}, "datetime": {"datetime": "2023-06-20 19:57:14", "elapsed": 0.117061, "delta": 0.00096}}
{"target": -66.20526752419043, "params": {"c1": 1102.291038520101, "c2": 538.5471218813117, "c3": 24.58142533454778}, "datetime": {"datetime": "2023-06-20 19:57:14", "elapsed": 0.118091, "delta": 0.00103}}
{"target": -77.55235646399528, "params": {"c1": 1357.1764191964126, "c2": 300.22094394090755, "c3": 66.88454453215552}, "datetime": {"datetime": "2023-06-20 19:57:14", "elapsed": 0.119088, "delta": 0.000997}}
{"target": -285.14223788955536, "params": {"c1": 728.8162657759282, "c2": 888.7175258630971, "c3": 11.450676738103652}, "datetime": {"datetime": "2023-06-20 19:57:14", "elapsed": 0.120054, "delta": 0.000966}}
{"target": -191.79103171204952, "params": {"c1": 839.6538341395575, "c2": 779.3908369548961, "c3": 14.130570898195355}, "datetime": {"datetime": "2023-06-20 19:57:14", "elapsed": 0.121051, "delta": 0.000997}}
{"target": -81.54888984225485, "params": {"c1": 1482.098562955061, "c2": 971.3356791050277, "c3": 88.45146398280765}, "datetime": {"datetime": "2023-06-20 19:57:14", "elapsed": 0.122047, "delta": 0.000996}}
{"target": -253.6044066745219, "params": {"c1": 1481.1778164527684, "c2": 958.9246455914501, "c3": 48.68320040979238}, "datetime": {"datetime": "2023-06-20 19:57:14", "elapsed": 0.123046, "delta": 0.000999}}
{"target": -183.25930272077315, "params": {"c1": 1660.166805753988, "c2": 362.39809129387845, "c3": 93.6787287613462}, "datetime": {"datetime": "2023-06-20 19:57:14", "elapsed": 0.124043, "delta": 0.000997}}
{"target": -353.3698709786305, "params": {"c1": 863.655421866314, "c2": 940.6287247789908, "c3": 84.94445775548914}, "datetime": {"datetime": "2023-06-20 19:57:14", "elapsed": 0.125039, "delta": 0.000996}}
{"target": -299.90131655424534, "params": {"c1": 1630.6603220161105, "c2": 132.6837798247049, "c3": 63.68382085075633}, "datetime": {"datetime": "2023-06-20 19:57:14", "elapsed": 0.126037, "delta": 0.000998}}
{"target": -68.62890848068085, "params": {"c1": 1338.7397453821209, "c2": 469.55425220548267, "c3": 100.0}, "datetime": {"datetime": "2023-06-20 19:57:14", "elapsed": 0.404296, "delta": 0.278259}}
{"target": -114.33032444202756, "params": {"c1": 1268.7326023410437, "c2": 255.63201685747867, "c3": 100.0}, "datetime": {"datetime": "2023-06-20 19:57:14", "elapsed": 0.671658, "delta": 0.267362}}
{"target": -91.76093281420822, "params": {"c1": 1302.8666941662261, "c2": 625.1102162809848, "c3": 100.0}, "datetime": {"datetime": "2023-06-20 19:57:15", "elapsed": 0.96454, "delta": 0.292882}}
{"target": -83.58479087397676, "params": {"c1": 1046.7862968962656, "c2": 806.2288003350577, "c3": 10.0}, "datetime": {"datetime": "2023-06-20 19:57:15", "elapsed": 1.330898, "delta": 0.366358}}
{"target": -338.11387729223884, "params": {"c1": 936.8974747610139, "c2": 10.0, "c3": 100.0}, "datetime": {"datetime": "2023-06-20 19:57:15", "elapsed": 1.600425, "delta": 0.269527}}
{"target": -39.198807006198585, "params": {"c1": 1383.408646576454, "c2": 263.88585357235445, "c3": 99.08808474213542}, "datetime": {"datetime": "2023-06-20 19:57:15", "elapsed": 1.877347, "delta": 0.276922}}
{"target": -57.59354641901157, "params": {"c1": 1356.2527728443479, "c2": 1000.0, "c3": 100.0}, "datetime": {"datetime": "2023-06-20 19:57:16", "elapsed": 2.172907, "delta": 0.29556}}
{"target": -149.7031617011521, "params": {"c1": 1145.0655918108714, "c2": 1000.0, "c3": 10.0}, "datetime": {"datetime": "2023-06-20 19:57:16", "elapsed": 2.546636, "delta": 0.373729}}
{"target": -123.07668588190388, "params": {"c1": 1255.5109031279069, "c2": 514.0340985836845, "c3": 100.0}, "datetime": {"datetime": "2023-06-20 19:57:16", "elapsed": 2.815576, "delta": 0.26894}}
{"target": -132.83451294075775, "params": {"c1": 1124.3141534940362, "c2": 413.3685639761171, "c3": 10.0}, "datetime": {"datetime": "2023-06-20 19:57:17", "elapsed": 3.077999, "delta": 0.262423}}
{"target": -51.873687971283225, "params": {"c1": 1365.7495843689853, "c2": 758.9845081087965, "c3": 100.0}, "datetime": {"datetime": "2023-06-20 19:57:17", "elapsed": 3.324226, "delta": 0.246227}}
{"target": -66.09268842983182, "params": {"c1": 1518.9511868745553, "c2": 25.765601086736837, "c3": 99.38330329079561}, "datetime": {"datetime": "2023-06-20 19:57:17", "elapsed": 3.56959, "delta": 0.245364}}
{"target": -122.76777154727516, "params": {"c1": 1111.7770421071564, "c2": 10.0, "c3": 10.0}, "datetime": {"datetime": "2023-06-20 19:57:17", "elapsed": 3.836602, "delta": 0.267012}}
{"target": -74.9456987482187, "params": {"c1": 1016.5004973465249, "c2": 139.84234469201465, "c3": 10.832811155032248}, "datetime": {"datetime": "2023-06-20 19:57:18", "elapsed": 4.092673, "delta": 0.256071}}
{"target": -41.93611942423319, "params": {"c1": 1482.6662963057854, "c2": 810.1570930627167, "c3": 100.0}, "datetime": {"datetime": "2023-06-20 19:57:18", "elapsed": 4.37128, "delta": 0.278607}}
{"target": -194.60336433245712, "params": {"c1": 1197.3338344970866, "c2": 825.3971890267082, "c3": 10.0}, "datetime": {"datetime": "2023-06-20 19:57:18", "elapsed": 4.644417, "delta": 0.273137}}
{"target": -241.28781992625508, "params": {"c1": 1077.6757718500162, "c2": 764.7301354488493, "c3": 99.48876252767089}, "datetime": {"datetime": "2023-06-20 19:57:18", "elapsed": 4.909629, "delta": 0.265212}}
{"target": -139.0307362199314, "params": {"c1": 1231.7246996457536, "c2": 97.1875379114894, "c3": 100.0}, "datetime": {"datetime": "2023-06-20 19:57:19", "elapsed": 5.185775, "delta": 0.276146}}
{"target": -183.07196758045316, "params": {"c1": 1185.4434507380886, "c2": 108.25158307234726, "c3": 10.190374729468092}, "datetime": {"datetime": "2023-06-20 19:57:19", "elapsed": 5.428303, "delta": 0.242528}}
{"target": -208.72801838642445, "params": {"c1": 1128.1305452688546, "c2": 10.0, "c3": 100.0}, "datetime": {"datetime": "2023-06-20 19:57:19", "elapsed": 5.690479, "delta": 0.262176}}
{"target": -331.9513127358762, "params": {"c1": 1466.116104157648, "c2": 293.2779416008757, "c3": 30.41663082077828}, "datetime": {"datetime": "2023-06-20 20:04:46", "elapsed": 0.0, "delta": 0.0}}
{"target": -153.4653401632487, "params": {"c1": 956.3082319294507, "c2": 213.45555482309902, "c3": 36.66976767797832}, "datetime": {"datetime": "2023-06-20 20:04:46", "elapsed": 0.025954, "delta": 0.025954}}
{"target": null, "params": {"c1": 1466.116104157648, "c2": 293.2779416008757, "c3": 30.41663082077828}, "datetime": {"datetime": "2023-06-20 20:05:14", "elapsed": 0.0, "delta": 0.0}}
