{"target": -7946.0951928381655, "params": {"c1": 0.30883088308830886, "c2": 0.7394739473947394, "c3": 0.5141514151415141, "c4": 0.6175617561756176, "c5": 0.0082008200820082, "c6": 0.7436743674367436, "c7": 0.19601960196019602}, "datetime": {"datetime": "2023-07-13 14:49:11", "elapsed": 0.0, "delta": 0.0}}
{"target": -5772.668620345115, "params": {"c1": 0.06960696069606961, "c2": 1.5351535153515352, "c3": 0.8059805980598059, "c4": 0.1404140414041404, "c5": 1.1601160116011602, "c6": 0.21142114211421142, "c7": 0.1025102510251025}, "datetime": {"datetime": "2023-07-13 14:49:11", "elapsed": 0.0, "delta": 0.0}}
{"target": -1905.9718850847555, "params": {"c1": 0.8249824982498251, "c2": 1.9495949594959496, "c3": 0.8151815181518152, "c4": 0.5257525752575257, "c5": 0.6708670867086709, "c6": 0.813181318131813, "c7": 0.6037603760376037}, "datetime": {"datetime": "2023-07-13 14:49:11", "elapsed": 0.0, "delta": 0.0}}
{"target": -4727.456144509068, "params": {"c1": 0.9553955395539554, "c2": 1.6615661566156614, "c3": 0.8083808380838083, "c4": 0.22342234223422344, "c5": 1.9577957795779577, "c6": 0.7827782778277828, "c7": 0.0415041504150415}, "datetime": {"datetime": "2023-07-13 14:49:11", "elapsed": 0.0, "delta": 0.0}}
{"target": -2224.82092332374, "params": {"c1": 0.673067306730673, "c2": 0.858085808580858, "c3": 0.5342534253425343, "c4": 0.4768476847684769, "c5": 1.8109810981098107, "c6": 0.744074407440744, "c7": 0.405040504050405}, "datetime": {"datetime": "2023-07-13 14:49:11", "elapsed": 0.0, "delta": 0.0}}
{"target": -11924.367359250564, "params": {"c1": 0.6714671467146714, "c2": 0.1348134813481348, "c3": 0.9143914391439143, "c4": 0.8627862786278628, "c5": 0.6254625462546254, "c6": 0.4172417241724172, "c7": 0.2362236223622362}, "datetime": {"datetime": "2023-07-13 14:49:11", "elapsed": 0.0, "delta": 0.0}}
{"target": -3812.045123904042, "params": {"c1": 0.7006700670067006, "c2": 1.5717571757175717, "c3": 0.062006200620062006, "c4": 0.6911691169116911, "c5": 1.1929192919291929, "c6": 0.6825682568256826, "c7": 0.42814281428142814}, "datetime": {"datetime": "2023-07-13 14:49:11", "elapsed": 0.0, "delta": 0.0}}
{"target": -12027.48170432435, "params": {"c1": 0.1266126612661266, "c2": 0.333033303330333, "c3": 0.9379937993799379, "c4": 0.41354135413541354, "c5": 1.0547054705470547, "c6": 0.9556955695569557, "c7": 0.7523752375237523}, "datetime": {"datetime": "2023-07-13 14:49:11", "elapsed": 0.0, "delta": 0.0}}
{"target": -15278.83937968552, "params": {"c1": 0.9481948194819483, "c2": 0.28682868286828683, "c3": 0.7676767676767677, "c4": 0.44514451445144515, "c5": 0.2824282428242824, "c6": 0.942994299429943, "c7": 0.9772977297729772}, "datetime": {"datetime": "2023-07-13 14:49:11", "elapsed": 0.0, "delta": 0.0}}
{"target": -11180.996866840756, "params": {"c1": 0.18811881188118812, "c2": 0.7316731673167317, "c3": 0.034003400340034004, "c4": 0.7072707270727073, "c5": 1.2901290129012901, "c6": 0.7281728172817281, "c7": 0.9244924492449244}, "datetime": {"datetime": "2023-07-13 14:49:11", "elapsed": 0.0, "delta": 0.0}}
{"target": -20561.84495995133, "params": {"c1": 0.04810481048104811, "c2": 1.8125812581258123, "c3": 0.11611161116111611, "c4": 0.3651365136513651, "c5": 1.5737573757375738, "c6": 0.7019701970197019, "c7": 0.11201120112011201}, "datetime": {"datetime": "2023-07-13 14:49:11", "elapsed": 0.0, "delta": 0.0}}
{"target": -4622.564345955963, "params": {"c1": 0.4225422542254226, "c2": 1.9895989598959896, "c3": 0.13211321132113213, "c4": 0.7483748374837484, "c5": 1.518151815181518, "c6": 0.4012401240124012, "c7": 0.018101810181018103}, "datetime": {"datetime": "2023-07-13 14:49:11", "elapsed": 0.0, "delta": 0.0}}
{"target": -15360.182021896933, "params": {"c1": 0.9551955195519553, "c2": 0.3498349834983498, "c3": 0.37403740374037403, "c4": 0.6684668466846685, "c5": 1.315131513151315, "c6": 0.9603960396039604, "c7": 0.9241924192419241}, "datetime": {"datetime": "2023-07-13 14:49:11", "elapsed": 0.0, "delta": 0.0}}
{"target": -4540.679049282713, "params": {"c1": 0.34013401340134014, "c2": 1.568956895689569, "c3": 0.026302630263026303, "c4": 0.9551955195519553, "c5": 0.4388438843884388, "c6": 0.5748574857485749, "c7": 0.2788278827882788}, "datetime": {"datetime": "2023-07-13 14:49:11", "elapsed": 0.0, "delta": 0.0}}
{"target": -10160.960568488907, "params": {"c1": 0.25212521252125214, "c2": 0.6450645064506451, "c3": 0.3513351335133513, "c4": 0.858885888588859, "c5": 0.33583358335833585, "c6": 0.22522252225222522, "c7": 0.7864786478647865}, "datetime": {"datetime": "2023-07-13 14:49:11", "elapsed": 0.0, "delta": 0.0}}
{"target": -12079.644036914202, "params": {"c1": 0.39743974397439746, "c2": 0.4738473847384738, "c3": 0.9763976397639764, "c4": 0.7781778177817782, "c5": 0.3226322632263226, "c6": 0.1606160616061606, "c7": 0.7136713671367136}, "datetime": {"datetime": "2023-07-13 14:49:11", "elapsed": 0.0, "delta": 0.0}}
{"target": -7214.80984292374, "params": {"c1": 0.05380538053805381, "c2": 0.6502650265026503, "c3": 0.7500750075007501, "c4": 0.867986798679868, "c5": 1.1015101510151015, "c6": 0.4671467146714671, "c7": 0.9567956795679567}, "datetime": {"datetime": "2023-07-13 14:49:11", "elapsed": 0.0, "delta": 0.0}}
{"target": -8774.377536700706, "params": {"c1": 0.5731573157315731, "c2": 1.7353735373537351, "c3": 0.1607160716071607, "c4": 0.27002700270027, "c5": 1.6629662966296628, "c6": 0.38453845384538454, "c7": 0.7085708570857085}, "datetime": {"datetime": "2023-07-13 14:49:11", "elapsed": 0.0, "delta": 0.0}}
{"target": -12799.34753055316, "params": {"c1": 0.2854285428542854, "c2": 0.8894889488948894, "c3": 0.15051505150515052, "c4": 0.0354035403540354, "c5": 1.8989898989898988, "c6": 0.33683368336833686, "c7": 0.7821782178217821}, "datetime": {"datetime": "2023-07-13 14:49:11", "elapsed": 0.0, "delta": 0.0}}
{"target": -1569.8399465185043, "params": {"c1": 0.5304530453045305, "c2": 0.7030703070307031, "c3": 0.7218721872187218, "c4": 0.5553555355535553, "c5": 0.7026702670267027, "c6": 0.925092509250925, "c7": 0.45334533453345327}, "datetime": {"datetime": "2023-07-13 14:49:11", "elapsed": 0.0, "delta": 0.0}}
{"target": -5508.8580229478985, "params": {"c1": 0.8393839383938394, "c2": 1.615161516151615, "c3": 0.8898889888988899, "c4": 0.7820782078207821, "c5": 1.2123212321232122, "c6": 0.8418841884188418, "c7": 0.6936693669366937}, "datetime": {"datetime": "2023-07-13 14:49:11", "elapsed": 0.0, "delta": 0.0}}
{"target": -12566.0349096444, "params": {"c1": 0.7457745774577458, "c2": 1.1307130713071305, "c3": 0.6681668166816681, "c4": 0.7917791779177918, "c5": 0.0042004200420042, "c6": 0.5508550855085508, "c7": 0.8230823082308231}, "datetime": {"datetime": "2023-07-13 14:49:11", "elapsed": 0.0, "delta": 0.0}}
{"target": -2463.708886356201, "params": {"c1": 0.5673567356735674, "c2": 0.5832583258325832, "c3": 0.20192019201920194, "c4": 0.5803580358035804, "c5": 1.3527352735273528, "c6": 0.9816981698169815, "c7": 0.8226822682268227}, "datetime": {"datetime": "2023-07-13 14:49:11", "elapsed": 0.0, "delta": 0.0}}
{"target": -1748.6372693209398, "params": {"c1": 0.48364836483648366, "c2": 0.44144414441444146, "c3": 0.0733073307330733, "c4": 0.344034403440344, "c5": 1.2721272127212722, "c6": 0.5996599659965997, "c7": 0.8283828382838284}, "datetime": {"datetime": "2023-07-13 14:49:11", "elapsed": 0.0, "delta": 0.0}}
{"target": -5107.059188470264, "params": {"c1": 0.4547454745474548, "c2": 1.121112111211121, "c3": 0.0531053105310531, "c4": 0.23512351235123513, "c5": 0.49484948494849484, "c6": 0.2532253225322532, "c7": 0.39343934393439345}, "datetime": {"datetime": "2023-07-13 14:49:11", "elapsed": 0.0, "delta": 0.0}}
{"target": -1450.7801101887078, "params": {"c1": 0.7607760776077608, "c2": 1.5817581758175816, "c3": 0.3124312431243124, "c4": 0.2591259125912591, "c5": 1.3165316531653164, "c6": 0.0628062806280628, "c7": 0.1858185818581858}, "datetime": {"datetime": "2023-07-13 14:49:11", "elapsed": 0.0, "delta": 0.0}}
{"target": -13930.742410038518, "params": {"c1": 0.009500950095009501, "c2": 0.09660966096609659, "c3": 0.31493149314931496, "c4": 0.5368536853685368, "c5": 0.15441544154415443, "c6": 0.1267126712671267, "c7": 0.5324532453245324}, "datetime": {"datetime": "2023-07-13 14:49:11", "elapsed": 0.0, "delta": 0.0}}
{"target": -4364.966854066479, "params": {"c1": 0.7161716171617162, "c2": 0.4842484248424842, "c3": 0.7394739473947395, "c4": 0.6323632363236323, "c5": 1.4753475347534752, "c6": 0.7446744674467446, "c7": 0.41354135413541354}, "datetime": {"datetime": "2023-07-13 14:49:11", "elapsed": 0.0, "delta": 0.0}}
{"target": -8854.141047653786, "params": {"c1": 0.6380638063806381, "c2": 1.143114311431143, "c3": 0.49004900490049, "c4": 0.9818981898189819, "c5": 0.7196719671967196, "c6": 0.36403640364036405, "c7": 0.3518351835183518}, "datetime": {"datetime": "2023-07-13 14:49:11", "elapsed": 0.0, "delta": 0.0}}
{"target": -18789.31907495887, "params": {"c1": 0.14711471147114713, "c2": 1.1873187318731873, "c3": 0.5557555755575557, "c4": 0.20822082208220824, "c5": 1.7581758175817581, "c6": 0.6247624762476247, "c7": 0.38393839383938394}, "datetime": {"datetime": "2023-07-13 14:49:11", "elapsed": 0.0, "delta": 0.0}}
{"target": -7498.356719704109, "params": {"c1": 0.16611661166116612, "c2": 1.4485448544854485, "c3": 0.9171917191719172, "c4": 0.9385938593859386, "c5": 0.4932493249324932, "c6": 0.1466146614661466, "c7": 0.8366836683668366}, "datetime": {"datetime": "2023-07-13 14:49:11", "elapsed": 0.0, "delta": 0.0}}
{"target": -3783.4358449122165, "params": {"c1": 0.5193519351935194, "c2": 0.2832283228322832, "c3": 0.2625262526252625, "c4": 0.7600760076007601, "c5": 1.2345234523452346, "c6": 0.40054005400540055, "c7": 0.5967596759675967}, "datetime": {"datetime": "2023-07-13 14:49:11", "elapsed": 0.0, "delta": 0.0}}
{"target": -2686.409916306403, "params": {"c1": 0.4154415441544155, "c2": 0.115011501150115, "c3": 0.0389038903890389, "c4": 0.9964996499649965, "c5": 1.0253025302530252, "c6": 0.8001800180018002, "c7": 0.9825982598259825}, "datetime": {"datetime": "2023-07-13 14:49:11", "elapsed": 0.0, "delta": 0.0}}
{"target": -15422.922789392469, "params": {"c1": 0.9971997199719972, "c2": 0.3286328632863286, "c3": 0.780978097809781, "c4": 0.35313531353135313, "c5": 1.5601560156015601, "c6": 0.4936493649364936, "c7": 0.7751775177517751}, "datetime": {"datetime": "2023-07-13 14:49:11", "elapsed": 0.0, "delta": 0.0}}
{"target": -4552.590536482127, "params": {"c1": 0.19711971197119713, "c2": 1.4177417741774176, "c3": 0.5488548854885489, "c4": 0.9332933293329333, "c5": 0.8134813481348134, "c6": 0.6589658965896589, "c7": 0.141014101410141}, "datetime": {"datetime": "2023-07-13 14:49:11", "elapsed": 0.0, "delta": 0.0}}
{"target": -3032.0199075775245, "params": {"c1": 0.41954195419541956, "c2": 1.6473647364736472, "c3": 0.646064606460646, "c4": 0.6910691069106911, "c5": 0.8584858485848584, "c6": 0.1861186118611861, "c7": 0.1801180118011801}, "datetime": {"datetime": "2023-07-13 14:49:11", "elapsed": 0.0, "delta": 0.0}}
{"target": -6121.180401152027, "params": {"c1": 0.6523652365236524, "c2": 0.7816781678167817, "c3": 0.8442844284428442, "c4": 0.4845484548454846, "c5": 0.5264526452645264, "c6": 0.6752675267526753, "c7": 0.6948694869486949}, "datetime": {"datetime": "2023-07-13 14:49:11", "elapsed": 0.0, "delta": 0.0}}
{"target": -4268.785276980022, "params": {"c1": 0.6940694069406941, "c2": 1.838983898389839, "c3": 0.8494849484948495, "c4": 0.7285728572857286, "c5": 1.7375737573757375, "c6": 0.8716871687168716, "c7": 0.9828982898289828}, "datetime": {"datetime": "2023-07-13 14:49:11", "elapsed": 0.0, "delta": 0.0}}
{"target": -12964.742537941918, "params": {"c1": 0.44964496449644964, "c2": 0.28922892289228924, "c3": 0.29122912291229125, "c4": 0.49624962496249625, "c5": 0.0248024802480248, "c6": 0.4464446444644464, "c7": 0.9617961796179618}, "datetime": {"datetime": "2023-07-13 14:49:11", "elapsed": 0.0, "delta": 0.0}}
{"target": -4596.5335916558815, "params": {"c1": 0.47044704470447046, "c2": 0.1228122812281228, "c3": 0.13161316131613163, "c4": 0.6622662266226623, "c5": 1.319331933193319, "c6": 0.1758175817581758, "c7": 0.8973897389738974}, "datetime": {"datetime": "2023-07-13 14:49:11", "elapsed": 0.0, "delta": 0.0}}
{"target": -2931.7413923788736, "params": {"c1": 0.9217921792179218, "c2": 1.0119011901190118, "c3": 0.9447944794479448, "c4": 0.058005800580058005, "c5": 0.1892189218921892, "c6": 0.47044704470447046, "c7": 0.0018001800180018}, "datetime": {"datetime": "2023-07-13 14:49:11", "elapsed": 0.0, "delta": 0.0}}
{"target": -17825.208714962435, "params": {"c1": 0.24352435243524354, "c2": 0.3212321232123212, "c3": 0.061406140614061404, "c4": 0.46294629462946296, "c5": 1.78997899789979, "c6": 0.8461846184618462, "c7": 0.058005800580058}, "datetime": {"datetime": "2023-07-13 14:49:11", "elapsed": 0.0, "delta": 0.0}}
{"target": -9817.786449244772, "params": {"c1": 0.18471847184718473, "c2": 0.9002900290029002, "c3": 0.1493149314931493, "c4": 0.8870887088708871, "c5": 0.4256425642564256, "c6": 0.1221122112211221, "c7": 0.0353035303530353}, "datetime": {"datetime": "2023-07-13 14:49:11", "elapsed": 0.0, "delta": 0.0}}
{"target": -2608.6418539866286, "params": {"c1": 0.045504550455045506, "c2": 0.5824582458245824, "c3": 0.9211921192119212, "c4": 0.6075607560756076, "c5": 0.0634063406340634, "c6": 0.9436943694369436, "c7": 0.8785878587858785}, "datetime": {"datetime": "2023-07-13 14:49:11", "elapsed": 0.0, "delta": 0.0}}
{"target": -15004.56658194539, "params": {"c1": 0.9407940794079408, "c2": 0.1362136213621362, "c3": 0.2788278827882788, "c4": 0.5118511851185119, "c5": 1.7667766776677667, "c6": 0.9415941594159416, "c7": 0.0812081208120812}, "datetime": {"datetime": "2023-07-13 14:49:11", "elapsed": 0.0, "delta": 0.0}}
{"target": -6327.223490225095, "params": {"c1": 0.8683868386838685, "c2": 1.8157815781578157, "c3": 0.6764676467646764, "c4": 0.1262126212621262, "c5": 0.0578057805780578, "c6": 0.2078207820782078, "c7": 0.6627662766276627}, "datetime": {"datetime": "2023-07-13 14:49:11", "elapsed": 0.0, "delta": 0.0}}
{"target": -10383.126857664825, "params": {"c1": 0.342034203420342, "c2": 0.3044304430443044, "c3": 0.6653665366536654, "c4": 0.6330633063306331, "c5": 1.853185318531853, "c6": 0.5849584958495849, "c7": 0.3593359335933593}, "datetime": {"datetime": "2023-07-13 14:49:11", "elapsed": 0.0, "delta": 0.0}}
{"target": -12995.482911029849, "params": {"c1": 0.9470947094709471, "c2": 0.39243924392439244, "c3": 0.9351935193519352, "c4": 0.19591959195919592, "c5": 0.0148014801480148, "c6": 0.5346534653465347, "c7": 0.4118411841184118}, "datetime": {"datetime": "2023-07-13 14:49:11", "elapsed": 0.0, "delta": 0.0}}
{"target": -2069.4443592076454, "params": {"c1": 0.0027002700270027003, "c2": 0.18281828182818283, "c3": 0.30243024302430244, "c4": 0.45674567456745674, "c5": 0.06500650065006501, "c6": 0.9657965796579657, "c7": 0.40454045404540456}, "datetime": {"datetime": "2023-07-13 14:49:11", "elapsed": 0.0, "delta": 0.0}}
{"target": -9255.146922988446, "params": {"c1": 0.8261826182618263, "c2": 0.21042104210421042, "c3": 0.19051905190519053, "c4": 0.0665066506650665, "c5": 1.5445544554455444, "c6": 0.6239623962396239, "c7": 0.6384638463846384}, "datetime": {"datetime": "2023-07-13 14:49:11", "elapsed": 0.0, "delta": 0.0}}
{"target": -6458.169363383993, "params": {"c1": 0.07320732073207321, "c2": 0.8022802280228023, "c3": 0.6594659465946595, "c4": 0.860986098609861, "c5": 0.5624562456245624, "c6": 0.16881688168816883, "c7": 0.7925792579257925}, "datetime": {"datetime": "2023-07-13 14:49:11", "elapsed": 0.0, "delta": 0.0}}
{"target": -2497.6312428236183, "params": {"c1": 0.135013501350135, "c2": 0.6750675067506751, "c3": 0.25632563256325636, "c4": 0.39533953395339533, "c5": 0.34683468346834684, "c6": 0.9234923492349235, "c7": 0.1511151115111511}, "datetime": {"datetime": "2023-07-13 14:49:11", "elapsed": 0.0, "delta": 0.0}}
{"target": -10676.207508319912, "params": {"c1": 0.7260726072607261, "c2": 0.2724272427242724, "c3": 0.3261326132613261, "c4": 0.0933093309330933, "c5": 0.7474747474747475, "c6": 0.24792479247924792, "c7": 0.1224122412241224}, "datetime": {"datetime": "2023-07-13 14:49:11", "elapsed": 0.0, "delta": 0.0}}
{"target": -16917.69346315429, "params": {"c1": 0.24162416241624163, "c2": 0.9658965896589659, "c3": 0.3338333833383338, "c4": 0.25252525252525254, "c5": 1.4717471747174715, "c6": 0.9846984698469846, "c7": 0.547154715471547}, "datetime": {"datetime": "2023-07-13 14:49:11", "elapsed": 0.0, "delta": 0.0}}
{"target": -11599.41555070709, "params": {"c1": 0.5398539853985399, "c2": 1.6505650565056504, "c3": 0.857085708570857, "c4": 0.5827582758275828, "c5": 0.0682068206820682, "c6": 0.0573057305730573, "c7": 0.7983798379837983}, "datetime": {"datetime": "2023-07-13 14:49:11", "elapsed": 0.0, "delta": 0.0}}
{"target": -22690.898760898464, "params": {"c1": 0.0702070207020702, "c2": 0.2122212221222122, "c3": 0.46294629462946296, "c4": 0.09570957095709572, "c5": 1.642964296429643, "c6": 0.872087208720872, "c7": 0.1152115211521152}, "datetime": {"datetime": "2023-07-13 14:49:11", "elapsed": 0.0, "delta": 0.0}}
{"target": -3068.7268680201146, "params": {"c1": 0.45324532453245325, "c2": 1.666166616661666, "c3": 0.9773977397739775, "c4": 0.9760976097609761, "c5": 1.2217221722172216, "c6": 0.5101510151015101, "c7": 0.592959295929593}, "datetime": {"datetime": "2023-07-13 14:49:11", "elapsed": 0.0, "delta": 0.0}}
{"target": -14259.825388660347, "params": {"c1": 0.33973397339733974, "c2": 0.9954995499549955, "c3": 0.40664066406640664, "c4": 0.7683768376837684, "c5": 0.1506150615061506, "c6": 0.1094109410941094, "c7": 0.11221122112211221}, "datetime": {"datetime": "2023-07-13 14:49:11", "elapsed": 0.0, "delta": 0.0}}
{"target": -18695.10868250317, "params": {"c1": 0.327032703270327, "c2": 1.8153815381538152, "c3": 0.7174717471747174, "c4": 0.05740574057405741, "c5": 1.5183518351835181, "c6": 0.7961796179617961, "c7": 0.1347134713471347}, "datetime": {"datetime": "2023-07-13 14:49:11", "elapsed": 0.0, "delta": 0.0}}
{"target": -1842.257509547923, "params": {"c1": 0.4825482548254826, "c2": 0.9204920492049204, "c3": 0.8093809380938094, "c4": 0.5053505350535054, "c5": 1.4075407540754075, "c6": 0.2861286128612861, "c7": 0.804980498049805}, "datetime": {"datetime": "2023-07-13 14:49:11", "elapsed": 0.0, "delta": 0.0}}
{"target": -2133.4012848880525, "params": {"c1": 0.585058505850585, "c2": 0.8786878687868787, "c3": 0.6565656565656566, "c4": 0.47234723472347234, "c5": 1.2099209920992098, "c6": 0.3613361336133613, "c7": 0.0495049504950495}, "datetime": {"datetime": "2023-07-13 14:49:11", "elapsed": 0.0, "delta": 0.0}}
{"target": -10953.703039643979, "params": {"c1": 0.591959195919592, "c2": 0.4268426842684268, "c3": 0.9896989698969897, "c4": 0.24652465246524655, "c5": 0.0378037803780378, "c6": 0.55005500550055, "c7": 0.9486948694869486}, "datetime": {"datetime": "2023-07-13 14:49:11", "elapsed": 0.0, "delta": 0.0}}
{"target": -10305.511024628833, "params": {"c1": 0.23152315231523152, "c2": 0.9838983898389838, "c3": 0.6498649864986498, "c4": 0.7208720872087209, "c5": 1.103910391039104, "c6": 0.8684868486848684, "c7": 0.2828282828282828}, "datetime": {"datetime": "2023-07-13 14:49:11", "elapsed": 0.0, "delta": 0.0}}
{"target": -6483.161714458331, "params": {"c1": 0.5016501650165016, "c2": 1.3917391739173917, "c3": 0.4902490249024902, "c4": 0.7880788078807881, "c5": 0.519051905190519, "c6": 0.42394239423942387, "c7": 0.5026502650265026}, "datetime": {"datetime": "2023-07-13 14:49:11", "elapsed": 0.0, "delta": 0.0}}
{"target": -5133.408476466717, "params": {"c1": 0.7691769176917692, "c2": 0.62006200620062, "c3": 0.20432043204320433, "c4": 0.0855085508550855, "c5": 1.2313231323132314, "c6": 0.2172217221722172, "c7": 0.2595259525952595}, "datetime": {"datetime": "2023-07-13 14:49:11", "elapsed": 0.0, "delta": 0.0}}
{"target": -2380.732333602236, "params": {"c1": 0.041904190419041906, "c2": 0.6720672067206721, "c3": 0.059805980598059805, "c4": 0.18751875187518752, "c5": 0.15821582158215822, "c6": 0.9048904890489049, "c7": 0.7780778077807781}, "datetime": {"datetime": "2023-07-13 14:49:11", "elapsed": 0.0, "delta": 0.0}}
{"target": -4325.432618654104, "params": {"c1": 0.3998399839983999, "c2": 0.1466146614661466, "c3": 0.9778977897789779, "c4": 0.19431943194319432, "c5": 0.7772777277727773, "c6": 0.5123512351235123, "c7": 0.3457345734573457}, "datetime": {"datetime": "2023-07-13 14:49:11", "elapsed": 0.0, "delta": 0.0}}
{"target": -1109.1953982439945, "params": {"c1": 0.39903990399039907, "c2": 1.3021302130213022, "c3": 0.4063406340634063, "c4": 0.9543954395439544, "c5": 0.718071807180718, "c6": 0.6733673367336733, "c7": 0.32233223322332233}, "datetime": {"datetime": "2023-07-13 14:49:11", "elapsed": 0.0, "delta": 0.0}}
{"target": -8184.427394402299, "params": {"c1": 0.5116511651165117, "c2": 0.5208520852085209, "c3": 0.6838683868386838, "c4": 0.8916891689168918, "c5": 0.085008500850085, "c6": 0.9181918191819182, "c7": 0.9505950595059506}, "datetime": {"datetime": "2023-07-13 14:49:11", "elapsed": 0.0, "delta": 0.0}}
{"target": -5518.407278576626, "params": {"c1": 0.6033603360336034, "c2": 1.9263926392639261, "c3": 0.0793079307930793, "c4": 0.6355635563556356, "c5": 0.367036703670367, "c6": 0.763976397639764, "c7": 0.5087508750875087}, "datetime": {"datetime": "2023-07-13 14:49:11", "elapsed": 0.0, "delta": 0.0}}
{"target": -7352.394575826686, "params": {"c1": 0.7391739173917392, "c2": 1.465146514651465, "c3": 0.6121612161216121, "c4": 0.8237823782378239, "c5": 1.3033303330333033, "c6": 0.0502050205020502, "c7": 0.5927592759275927}, "datetime": {"datetime": "2023-07-13 14:49:11", "elapsed": 0.0, "delta": 0.0}}
{"target": -1681.8675768243334, "params": {"c1": 0.6016601660166017, "c2": 0.6002600260026002, "c3": 0.48814881488148815, "c4": 0.33543354335433545, "c5": 1.375137513751375, "c6": 0.45814581458145814, "c7": 0.4629462946294629}, "datetime": {"datetime": "2023-07-13 14:49:11", "elapsed": 0.0, "delta": 0.0}}
