{"target": -3050.340728545022, "params": {"c1": 0.8655865586558656, "c2": 1.4993499349934993, "c3": 0.5021502150215021, "c4": 0.4318431843184319, "c5": 1.7483748374837482, "c6": 0.21662166216621662, "c7": 0.5906590659065907}, "datetime": {"datetime": "2023-07-13 14:49:11", "elapsed": 0.0, "delta": 0.0}}
{"target": -15018.781690247662, "params": {"c1": 0.46294629462946296, "c2": 1.4977497749774977, "c3": 0.006100610061006101, "c4": 0.5464546454645465, "c5": 0.0614061406140614, "c6": 0.4824482448244824, "c7": 0.0095009500950095}, "datetime": {"datetime": "2023-07-13 14:49:11", "elapsed": 0.0, "delta": 0.0}}
{"target": -14434.141274421647, "params": {"c1": 0.041504150415041505, "c2": 1.33013301330133, "c3": 0.3408340834083408, "c4": 0.41614161416141615, "c5": 1.7903790379037903, "c6": 0.2081208120812081, "c7": 0.9625962596259625}, "datetime": {"datetime": "2023-07-13 14:49:11", "elapsed": 0.0, "delta": 0.0}}
{"target": -1580.7423695465404, "params": {"c1": 0.45244524452445245, "c2": 1.6535653565356536, "c3": 0.35593559355935595, "c4": 0.8057805780578058, "c5": 1.26992699269927, "c6": 0.32883288328832877, "c7": 0.3298329832983298}, "datetime": {"datetime": "2023-07-13 14:49:11", "elapsed": 0.0, "delta": 0.0}}
{"target": -10275.124580825084, "params": {"c1": 0.8005800580058006, "c2": 0.5112511251125113, "c3": 0.9359935993599361, "c4": 0.9614961496149615, "c5": 1.3445344534453445, "c6": 0.3802380238023802, "c7": 0.26952695269526955}, "datetime": {"datetime": "2023-07-13 14:49:11", "elapsed": 0.0, "delta": 0.0}}
{"target": -3183.3052019548636, "params": {"c1": 0.1632163216321632, "c2": 0.28762876287628764, "c3": 0.32773277327732775, "c4": 0.44454445444544455, "c5": 0.7628762876287628, "c6": 0.30923092309230926, "c7": 0.6689668966896689}, "datetime": {"datetime": "2023-07-13 14:49:11", "elapsed": 0.0, "delta": 0.0}}
{"target": -7576.910077318908, "params": {"c1": 0.7528752875287529, "c2": 0.7602760276027603, "c3": 0.392039203920392, "c4": 0.43904390439043905, "c5": 1.0433043304330434, "c6": 0.29952995299529955, "c7": 0.6511651165116511}, "datetime": {"datetime": "2023-07-13 14:49:11", "elapsed": 0.0, "delta": 0.0}}
{"target": -1848.0327214632416, "params": {"c1": 0.4748474847484749, "c2": 1.4275427542754275, "c3": 0.4186418641864187, "c4": 0.6972697269726973, "c5": 0.8856885688568857, "c6": 0.827982798279828, "c7": 0.0961096109610961}, "datetime": {"datetime": "2023-07-13 14:49:11", "elapsed": 0.0, "delta": 0.0}}
{"target": -9001.414671814955, "params": {"c1": 0.5284528452845285, "c2": 0.18081808180818082, "c3": 0.24822482248224823, "c4": 0.19031903190319033, "c5": 0.28602860286028603, "c6": 0.7128712871287128, "c7": 0.922092209220922}, "datetime": {"datetime": "2023-07-13 14:49:11", "elapsed": 0.0, "delta": 0.0}}
{"target": -1604.1630857145294, "params": {"c1": 0.5836583658365837, "c2": 0.932093209320932, "c3": 0.021102110211021104, "c4": 0.9607960796079609, "c5": 1.9867986798679866, "c6": 0.35633563356335635, "c7": 0.0949094909490949}, "datetime": {"datetime": "2023-07-13 14:49:11", "elapsed": 0.0, "delta": 0.0}}
{"target": -9915.616851090756, "params": {"c1": 0.8138813881388139, "c2": 1.1709170917091707, "c3": 0.3752375237523752, "c4": 0.9915991599159917, "c5": 1.5051505150515052, "c6": 0.24842484248424843, "c7": 0.34693469346934697}, "datetime": {"datetime": "2023-07-13 14:49:11", "elapsed": 0.0, "delta": 0.0}}
{"target": -7494.572557006214, "params": {"c1": 0.41004100410041006, "c2": 1.4631463146314632, "c3": 0.0067006700670067, "c4": 0.156015601560156, "c5": 0.9468946894689468, "c6": 0.6968696869686968, "c7": 0.8352835283528353}, "datetime": {"datetime": "2023-07-13 14:49:11", "elapsed": 0.0, "delta": 0.0}}
{"target": -11291.967217431964, "params": {"c1": 0.5054505450545055, "c2": 1.2601260126012601, "c3": 0.974097409740974, "c4": 0.5773577357735774, "c5": 1.9801980198019802, "c6": 0.7086708670867087, "c7": 0.678067806780678}, "datetime": {"datetime": "2023-07-13 14:49:11", "elapsed": 0.0, "delta": 0.0}}
{"target": -1446.8785621783925, "params": {"c1": 0.4833483348334834, "c2": 0.5552555255525552, "c3": 0.4857485748574858, "c4": 0.29732973297329734, "c5": 1.5381538153815382, "c6": 0.15381538153815383, "c7": 0.10081008100810081}, "datetime": {"datetime": "2023-07-13 14:49:11", "elapsed": 0.0, "delta": 0.0}}
{"target": -12494.811110256682, "params": {"c1": 0.9562956295629563, "c2": 0.8222822282228223, "c3": 0.44744474447444743, "c4": 0.5214521452145214, "c5": 1.2327232723272328, "c6": 0.3425342534253425, "c7": 0.8918891889188918}, "datetime": {"datetime": "2023-07-13 14:49:11", "elapsed": 0.0, "delta": 0.0}}
{"target": -8628.02954171492, "params": {"c1": 0.8854885488548855, "c2": 0.9420942094209421, "c3": 0.1566156615661566, "c4": 0.29992999299929995, "c5": 0.7018701870187019, "c6": 0.3034303430343034, "c7": 0.8315831583158315}, "datetime": {"datetime": "2023-07-13 14:49:11", "elapsed": 0.0, "delta": 0.0}}
{"target": -8798.83196766245, "params": {"c1": 0.6117611761176118, "c2": 1.1897189718971897, "c3": 0.37863786378637865, "c4": 0.5275527552755276, "c5": 0.2316231623162316, "c6": 0.5051505150515051, "c7": 0.1653165316531653}, "datetime": {"datetime": "2023-07-13 14:49:11", "elapsed": 0.0, "delta": 0.0}}
{"target": -11013.711019958531, "params": {"c1": 0.8785878587858786, "c2": 0.968096809680968, "c3": 0.7902790279027903, "c4": 0.8171817181718172, "c5": 0.7082708270827083, "c6": 0.976097609760976, "c7": 0.5218521852185218}, "datetime": {"datetime": "2023-07-13 14:49:11", "elapsed": 0.0, "delta": 0.0}}
{"target": -957.0669053474596, "params": {"c1": 0.6817681768176818, "c2": 0.9988998899889989, "c3": 0.47824782478247824, "c4": 0.596959695969597, "c5": 1.5355535553555355, "c6": 0.9163916391639163, "c7": 0.4221422142214221}, "datetime": {"datetime": "2023-07-13 14:49:11", "elapsed": 0.0, "delta": 0.0}}
{"target": -3888.0388582401793, "params": {"c1": 0.22692269226922693, "c2": 0.44244424442444247, "c3": 0.5776577657765777, "c4": 0.6469646964696469, "c5": 0.5964596459645964, "c6": 0.963096309630963, "c7": 0.4352435243524352}, "datetime": {"datetime": "2023-07-13 14:49:11", "elapsed": 0.0, "delta": 0.0}}
{"target": -4636.800861950285, "params": {"c1": 0.45784578457845787, "c2": 0.39363936393639365, "c3": 0.6387638763876388, "c4": 0.5327532753275328, "c5": 1.5777577757775778, "c6": 0.6291629162916291, "c7": 0.4681468146814681}, "datetime": {"datetime": "2023-07-13 14:49:11", "elapsed": 0.0, "delta": 0.0}}
{"target": -1277.9874645097639, "params": {"c1": 0.7103710371037104, "c2": 1.4973497349734974, "c3": 0.2098209820982098, "c4": 0.33423342334233425, "c5": 1.2105210521052103, "c6": 0.28642864286428643, "c7": 0.46914691469146913}, "datetime": {"datetime": "2023-07-13 14:49:11", "elapsed": 0.0, "delta": 0.0}}
{"target": -12969.853388152595, "params": {"c1": 0.814981498149815, "c2": 0.6734673467346735, "c3": 0.41094109410941093, "c4": 0.5704570457045705, "c5": 0.54005400540054, "c6": 0.1884188418841884, "c7": 0.7453745374537454}, "datetime": {"datetime": "2023-07-13 14:49:11", "elapsed": 0.0, "delta": 0.0}}
{"target": -3592.912266525807, "params": {"c1": 0.46074607460746075, "c2": 0.6692669266926693, "c3": 0.0482048204820482, "c4": 0.0187018701870187, "c5": 0.9852985298529852, "c6": 0.12431243124312431, "c7": 0.7994799479947994}, "datetime": {"datetime": "2023-07-13 14:49:11", "elapsed": 0.0, "delta": 0.0}}
{"target": -1438.5554042660115, "params": {"c1": 0.5560556055605561, "c2": 1.076107610761076, "c3": 0.023402340234023402, "c4": 0.5000500050005001, "c5": 1.5013501350135015, "c6": 0.1068106810681068, "c7": 0.5488548854885488}, "datetime": {"datetime": "2023-07-13 14:49:11", "elapsed": 0.0, "delta": 0.0}}
{"target": -12483.878575125309, "params": {"c1": 0.9057905790579058, "c2": 1.0755075507550755, "c3": 0.85998599859986, "c4": 0.7688768876887689, "c5": 0.19581958195819582, "c6": 0.7562756275627562, "c7": 0.3861386138613861}, "datetime": {"datetime": "2023-07-13 14:49:11", "elapsed": 0.0, "delta": 0.0}}
{"target": -15687.36352397162, "params": {"c1": 0.5670567056705671, "c2": 0.09860986098609861, "c3": 0.1064106410641064, "c4": 0.4626462646264627, "c5": 0.1598159815981598, "c6": 0.1927192719271927, "c7": 0.20182018201820182}, "datetime": {"datetime": "2023-07-13 14:49:11", "elapsed": 0.0, "delta": 0.0}}
{"target": -15903.77079510618, "params": {"c1": 0.011801180118011801, "c2": 0.068006800680068, "c3": 0.7672767276727672, "c4": 0.49804980498049806, "c5": 1.9907990799079907, "c6": 0.0945094509450945, "c7": 0.9935993599359936}, "datetime": {"datetime": "2023-07-13 14:49:11", "elapsed": 0.0, "delta": 0.0}}
{"target": -12874.249092099843, "params": {"c1": 0.8303830383038304, "c2": 0.8868886888688868, "c3": 0.18031803180318032, "c4": 0.9692969296929693, "c5": 0.8762876287628762, "c6": 0.47704770477047703, "c7": 0.1651165116511651}, "datetime": {"datetime": "2023-07-13 14:49:11", "elapsed": 0.0, "delta": 0.0}}
{"target": -3497.3140285126133, "params": {"c1": 0.46034603460346035, "c2": 0.40464046404640464, "c3": 0.5786578657865786, "c4": 0.0711071107110711, "c5": 1.8137813781378136, "c6": 0.0709070907090709, "c7": 0.5563556355635564}, "datetime": {"datetime": "2023-07-13 14:49:11", "elapsed": 0.0, "delta": 0.0}}
{"target": -6810.522715182226, "params": {"c1": 0.5300530053005301, "c2": 1.9785978597859786, "c3": 0.9266926692669266, "c4": 0.5460546054605461, "c5": 1.4631463146314632, "c6": 0.4099409940994099, "c7": 0.2857285728572857}, "datetime": {"datetime": "2023-07-13 14:49:11", "elapsed": 0.0, "delta": 0.0}}
{"target": -4753.0731642793535, "params": {"c1": 0.5395539553955395, "c2": 1.777177717771777, "c3": 0.6955695569556956, "c4": 0.6181618161816181, "c5": 0.36043604360436043, "c6": 0.5237523752375238, "c7": 0.44004400440044}, "datetime": {"datetime": "2023-07-13 14:49:11", "elapsed": 0.0, "delta": 0.0}}
{"target": -5944.722024530109, "params": {"c1": 0.9438943894389439, "c2": 1.712171217121712, "c3": 0.9276927692769277, "c4": 0.5404540454045405, "c5": 0.5126512651265126, "c6": 0.1268126812681268, "c7": 0.4864486448644864}, "datetime": {"datetime": "2023-07-13 14:49:11", "elapsed": 0.0, "delta": 0.0}}
{"target": -4436.780560319759, "params": {"c1": 0.567956795679568, "c2": 1.6135613561356135, "c3": 0.1539153915391539, "c4": 0.18121812181218122, "c5": 0.826082608260826, "c6": 0.5255525552555255, "c7": 0.2196219621962196}, "datetime": {"datetime": "2023-07-13 14:49:11", "elapsed": 0.0, "delta": 0.0}}
{"target": -18981.39639766225, "params": {"c1": 0.148014801480148, "c2": 1.0899089908990898, "c3": 0.8793879387938793, "c4": 0.4588458845884589, "c5": 1.9383938393839382, "c6": 0.44194419441944194, "c7": 0.0957095709570957}, "datetime": {"datetime": "2023-07-13 14:49:11", "elapsed": 0.0, "delta": 0.0}}
{"target": -15495.784076226262, "params": {"c1": 0.8726872687268727, "c2": 0.15821582158215822, "c3": 0.8787878787878787, "c4": 0.38353835383538354, "c5": 0.1164116411641164, "c6": 0.7272727272727273, "c7": 0.2411241124112411}, "datetime": {"datetime": "2023-07-13 14:49:11", "elapsed": 0.0, "delta": 0.0}}
{"target": -9991.905156228533, "params": {"c1": 0.32363236323632366, "c2": 0.9154915491549155, "c3": 0.9432943294329433, "c4": 0.2554255425542554, "c5": 1.4807480748074806, "c6": 0.5717571757175717, "c7": 0.5181518151815181}, "datetime": {"datetime": "2023-07-13 14:49:11", "elapsed": 0.0, "delta": 0.0}}
{"target": -1276.9779463265293, "params": {"c1": 0.6715671567156716, "c2": 1.6525652565256526, "c3": 0.06450645064506451, "c4": 0.6898689868986899, "c5": 1.884988498849885, "c6": 0.29272927292729267, "c7": 0.2855285528552855}, "datetime": {"datetime": "2023-07-13 14:49:11", "elapsed": 0.0, "delta": 0.0}}
{"target": -9327.309696376062, "params": {"c1": 0.8861886188618863, "c2": 1.6677667766776676, "c3": 0.475047504750475, "c4": 0.8257825782578259, "c5": 1.8563856385638562, "c6": 0.1501150115011501, "c7": 0.08610861086108611}, "datetime": {"datetime": "2023-07-13 14:49:11", "elapsed": 0.0, "delta": 0.0}}
{"target": -1415.0350578068242, "params": {"c1": 0.9054905490549056, "c2": 1.2535253525352534, "c3": 0.46984698469846986, "c4": 0.1328132813281328, "c5": 1.00990099009901, "c6": 0.5928592859285928, "c7": 0.2844284428442844}, "datetime": {"datetime": "2023-07-13 14:49:11", "elapsed": 0.0, "delta": 0.0}}
{"target": -3047.579702223808, "params": {"c1": 0.3941394139413942, "c2": 0.4922492249224922, "c3": 0.6748674867486749, "c4": 0.42154215421542157, "c5": 1.5463546354635462, "c6": 0.21132113211321132, "c7": 0.6442644264426443}, "datetime": {"datetime": "2023-07-13 14:49:11", "elapsed": 0.0, "delta": 0.0}}
{"target": -2784.110767918138, "params": {"c1": 0.8911891189118912, "c2": 1.1627162716271626, "c3": 0.21322132213221323, "c4": 0.05730573057305731, "c5": 1.1907190719071907, "c6": 0.846984698469847, "c7": 0.4477447744774477}, "datetime": {"datetime": "2023-07-13 14:49:11", "elapsed": 0.0, "delta": 0.0}}
{"target": -5508.664574526578, "params": {"c1": 0.39933993399339934, "c2": 1.6215621562156213, "c3": 0.9315931593159316, "c4": 0.30803080308030806, "c5": 0.9066906690669065, "c6": 0.5504550455045504, "c7": 0.15401540154015403}, "datetime": {"datetime": "2023-07-13 14:49:11", "elapsed": 0.0, "delta": 0.0}}
{"target": -988.2139634877418, "params": {"c1": 0.6065606560656066, "c2": 1.9437943794379438, "c3": 0.473047304730473, "c4": 0.7787778777877788, "c5": 1.1191119111911192, "c6": 0.7006700670067006, "c7": 0.5988598859885989}, "datetime": {"datetime": "2023-07-13 14:49:11", "elapsed": 0.0, "delta": 0.0}}
{"target": -18589.570868879226, "params": {"c1": 0.9852985298529854, "c2": 0.12881288128812882, "c3": 0.26322632263226325, "c4": 0.9694969496949696, "c5": 0.978097809780978, "c6": 0.0963096309630963, "c7": 0.3987398739873987}, "datetime": {"datetime": "2023-07-13 14:49:11", "elapsed": 0.0, "delta": 0.0}}
{"target": -5444.1455309176445, "params": {"c1": 0.8343834383438344, "c2": 1.2273227322732274, "c3": 0.39863986398639867, "c4": 0.596059605960596, "c5": 1.7635763576357635, "c6": 0.5438543854385438, "c7": 0.8747874787478748}, "datetime": {"datetime": "2023-07-13 14:49:11", "elapsed": 0.0, "delta": 0.0}}
{"target": -12388.76751377115, "params": {"c1": 0.8697869786978698, "c2": 1.1521152115211521, "c3": 0.6094609460946094, "c4": 0.8490849084908492, "c5": 0.6036603660366036, "c6": 0.5347534753475347, "c7": 0.4242424242424242}, "datetime": {"datetime": "2023-07-13 14:49:11", "elapsed": 0.0, "delta": 0.0}}
{"target": -16890.61195409383, "params": {"c1": 0.7408740874087409, "c2": 0.1074107410741074, "c3": 0.8285828582858286, "c4": 0.363936393639364, "c5": 0.219021902190219, "c6": 0.039603960396039604, "c7": 0.0996099609960996}, "datetime": {"datetime": "2023-07-13 14:49:11", "elapsed": 0.0, "delta": 0.0}}
{"target": -6577.299923221628, "params": {"c1": 0.9773977397739775, "c2": 1.8471847184718473, "c3": 0.39573957395739573, "c4": 0.48554855485548554, "c5": 1.1803180318031803, "c6": 0.12481248124812482, "c7": 0.3673367336733673}, "datetime": {"datetime": "2023-07-13 14:49:11", "elapsed": 0.0, "delta": 0.0}}
{"target": -15496.568889518021, "params": {"c1": 0.8636863686368638, "c2": 0.08940894089408939, "c3": 0.9471947194719472, "c4": 0.9524952495249526, "c5": 1.1633163316331632, "c6": 0.0352035203520352, "c7": 0.4157415741574157}, "datetime": {"datetime": "2023-07-13 14:49:11", "elapsed": 0.0, "delta": 0.0}}
{"target": -6767.2933700610665, "params": {"c1": 0.924992499249925, "c2": 1.932193219321932, "c3": 0.0557055705570557, "c4": 0.4024402440244024, "c5": 0.1992199219921992, "c6": 0.9512951295129513, "c7": 0.23412341234123413}, "datetime": {"datetime": "2023-07-13 14:49:11", "elapsed": 0.0, "delta": 0.0}}
{"target": -1310.684066541683, "params": {"c1": 0.18521852185218524, "c2": 1.5075507550755074, "c3": 0.2946294629462946, "c4": 0.5583558355835584, "c5": 0.9430943094309431, "c6": 0.1503150315031503, "c7": 0.6821682168216822}, "datetime": {"datetime": "2023-07-13 14:49:11", "elapsed": 0.0, "delta": 0.0}}
{"target": -1192.9924733368896, "params": {"c1": 0.8976897689768977, "c2": 1.665166516651665, "c3": 0.6624662466246625, "c4": 0.34313431343134315, "c5": 1.589158915891589, "c6": 0.4465446544654465, "c7": 0.9143914391439143}, "datetime": {"datetime": "2023-07-13 14:49:11", "elapsed": 0.0, "delta": 0.0}}
{"target": -5529.605432609506, "params": {"c1": 0.575957595759576, "c2": 0.6018601860186018, "c3": 0.5885588558855885, "c4": 0.5884588458845885, "c5": 1.2747274727472748, "c6": 0.0578057805780578, "c7": 0.2009200920092009}, "datetime": {"datetime": "2023-07-13 14:49:11", "elapsed": 0.0, "delta": 0.0}}
{"target": -3441.0539865637484, "params": {"c1": 0.44574457445744575, "c2": 0.8686868686868686, "c3": 0.41334133413341334, "c4": 0.6528652865286528, "c5": 1.4797479747974795, "c6": 0.40314031403140316, "c7": 0.2453245324532453}, "datetime": {"datetime": "2023-07-13 14:49:11", "elapsed": 0.0, "delta": 0.0}}
{"target": -6875.802079164663, "params": {"c1": 0.19241924192419244, "c2": 0.058005800580058, "c3": 0.05670567056705671, "c4": 0.47024702470247026, "c5": 0.214021402140214, "c6": 0.6123612361236124, "c7": 0.6142614261426143}, "datetime": {"datetime": "2023-07-13 14:49:11", "elapsed": 0.0, "delta": 0.0}}
