{"target": -10335.088570533546, "params": {"c1": 0.7065706570657065, "c2": 0.2526252625262526, "c3": 0.609060906090609, "c4": 0.45364536453645365, "c5": 1.2165216521652165, "c6": 0.0289028902890289, "c7": 0.4359435943594359}, "datetime": {"datetime": "2023-07-13 14:49:10", "elapsed": 0.0, "delta": 0.0}}
{"target": -13026.81241585487, "params": {"c1": 0.954995499549955, "c2": 0.957095709570957, "c3": 0.9365936593659365, "c4": 0.7565756575657566, "c5": 1.0803080308030804, "c6": 0.2757275727572757, "c7": 0.44034403440344033}, "datetime": {"datetime": "2023-07-13 14:49:10", "elapsed": 0.0, "delta": 0.0}}
{"target": -10814.674996308386, "params": {"c1": 0.6898689868986899, "c2": 1.3901390139013903, "c3": 0.9029902990299029, "c4": 0.6917691769176918, "c5": 0.0196019601960196, "c6": 0.3956395639563956, "c7": 0.4856485648564856}, "datetime": {"datetime": "2023-07-13 14:49:10", "elapsed": 0.0, "delta": 0.0}}
{"target": -14238.507172430891, "params": {"c1": 0.12271227122712272, "c2": 1.285128512851285, "c3": 0.8448844884488449, "c4": 0.9007900790079009, "c5": 1.5067506750675066, "c6": 0.7439743974397439, "c7": 0.011301130113011301}, "datetime": {"datetime": "2023-07-13 14:49:10", "elapsed": 0.0, "delta": 0.0}}
{"target": -1855.0247428981197, "params": {"c1": 0.5997599759975998, "c2": 1.9375937593759374, "c3": 0.4108410841084108, "c4": 0.9157915791579159, "c5": 0.8964896489648965, "c6": 0.81008100810081, "c7": 0.7090709070907091}, "datetime": {"datetime": "2023-07-13 14:49:10", "elapsed": 0.0, "delta": 0.0}}
{"target": -2103.453839542092, "params": {"c1": 0.36293629362936297, "c2": 1.361936193619362, "c3": 0.8143814381438144, "c4": 0.5663566356635664, "c5": 1.0685068506850686, "c6": 0.002000200020002, "c7": 0.7775777577757775}, "datetime": {"datetime": "2023-07-13 14:49:10", "elapsed": 0.0, "delta": 0.0}}
{"target": -13726.194478242029, "params": {"c1": 0.9242924292429243, "c2": 0.563056305630563, "c3": 0.06080608060806081, "c4": 0.5226522652265226, "c5": 1.407140714071407, "c6": 0.3459345934593459, "c7": 0.6604660466046604}, "datetime": {"datetime": "2023-07-13 14:49:10", "elapsed": 0.0, "delta": 0.0}}
{"target": -8278.591802274896, "params": {"c1": 0.6072607260726073, "c2": 0.1936193619361936, "c3": 0.7932793279327933, "c4": 0.4158415841584159, "c5": 1.0009000900090008, "c6": 0.3039303930393039, "c7": 0.7359735973597359}, "datetime": {"datetime": "2023-07-13 14:49:10", "elapsed": 0.0, "delta": 0.0}}
{"target": -14887.346976167086, "params": {"c1": 0.42574257425742573, "c2": 1.813381338133813, "c3": 0.43134313431343135, "c4": 0.8408840884088409, "c5": 1.8465846584658465, "c6": 0.9748974897489748, "c7": 0.7681768176817682}, "datetime": {"datetime": "2023-07-13 14:49:10", "elapsed": 0.0, "delta": 0.0}}
{"target": -1600.4477111440358, "params": {"c1": 0.2506250625062506, "c2": 0.3294329432943294, "c3": 0.7914791479147915, "c4": 0.30263026302630264, "c5": 0.5038503850385038, "c6": 0.7402740274027402, "c7": 0.2655265526552655}, "datetime": {"datetime": "2023-07-13 14:49:10", "elapsed": 0.0, "delta": 0.0}}
{"target": -19372.63328054003, "params": {"c1": 0.075007500750075, "c2": 1.9041904190419041, "c3": 0.33693369336933693, "c4": 0.2909290929092909, "c5": 1.5449544954495447, "c6": 0.7276727672767277, "c7": 0.45044504450445044}, "datetime": {"datetime": "2023-07-13 14:49:10", "elapsed": 0.0, "delta": 0.0}}
{"target": -2028.6507372910369, "params": {"c1": 0.5851585158515852, "c2": 1.7157715771577158, "c3": 0.2011201120112011, "c4": 0.7661766176617663, "c5": 0.7984798479847984, "c6": 0.8513851385138513, "c7": 0.28052805280528054}, "datetime": {"datetime": "2023-07-13 14:49:10", "elapsed": 0.0, "delta": 0.0}}
{"target": -8325.365736104846, "params": {"c1": 0.5420542054205421, "c2": 1.6935693569356935, "c3": 0.8537853785378537, "c4": 0.9637963796379638, "c5": 1.9547954795479547, "c6": 0.6694669466946694, "c7": 0.9451945194519451}, "datetime": {"datetime": "2023-07-13 14:49:10", "elapsed": 0.0, "delta": 0.0}}
{"target": -4863.599543524571, "params": {"c1": 0.37753775377537757, "c2": 0.6586658665866586, "c3": 0.0626062606260626, "c4": 0.5346534653465347, "c5": 0.40484048404840484, "c6": 0.7155715571557155, "c7": 0.07730773077307732}, "datetime": {"datetime": "2023-07-13 14:49:10", "elapsed": 0.0, "delta": 0.0}}
{"target": -4877.6275927904735, "params": {"c1": 0.19461946194619462, "c2": 0.2176217621762176, "c3": 0.43704370437043705, "c4": 0.18291829182918293, "c5": 0.5222522252225222, "c6": 0.4316431643164316, "c7": 0.8830883088308831}, "datetime": {"datetime": "2023-07-13 14:49:10", "elapsed": 0.0, "delta": 0.0}}
{"target": -11256.10226728266, "params": {"c1": 0.826982698269827, "c2": 1.271927192719272, "c3": 0.964996499649965, "c4": 0.6294629462946295, "c5": 0.1026102610261026, "c6": 0.1165116511651165, "c7": 0.7829782978297829}, "datetime": {"datetime": "2023-07-13 14:49:10", "elapsed": 0.0, "delta": 0.0}}
{"target": -11547.349571142164, "params": {"c1": 0.21902190219021903, "c2": 1.773177317731773, "c3": 0.24232423242324233, "c4": 0.20922092209220922, "c5": 1.7055705570557054, "c6": 0.0942094209420942, "c7": 0.37003700370037}, "datetime": {"datetime": "2023-07-13 14:49:10", "elapsed": 0.0, "delta": 0.0}}
{"target": -4321.902509994619, "params": {"c1": 0.6984698469846985, "c2": 0.5794579457945794, "c3": 0.17421742174217422, "c4": 0.22972297229722974, "c5": 1.632163216321632, "c6": 0.0537053705370537, "c7": 0.2561256125612561}, "datetime": {"datetime": "2023-07-13 14:49:10", "elapsed": 0.0, "delta": 0.0}}
{"target": -8192.044023380047, "params": {"c1": 0.8153815381538154, "c2": 0.5904590459045904, "c3": 0.33053305330533056, "c4": 0.15501550155015503, "c5": 0.2944294429442944, "c6": 0.7713771377137714, "c7": 0.1509150915091509}, "datetime": {"datetime": "2023-07-13 14:49:10", "elapsed": 0.0, "delta": 0.0}}
{"target": -15077.782231225552, "params": {"c1": 0.921992199219922, "c2": 0.26042604260426044, "c3": 0.2831283128312831, "c4": 0.7475747574757476, "c5": 1.6107610761076108, "c6": 0.24852485248524853, "c7": 0.4888488848884888}, "datetime": {"datetime": "2023-07-13 14:49:10", "elapsed": 0.0, "delta": 0.0}}
{"target": -12911.05877388392, "params": {"c1": 0.8643864386438644, "c2": 0.30943094309430946, "c3": 0.47064706470647066, "c4": 0.30113011301130116, "c5": 0.2716271627162716, "c6": 0.8826882688268827, "c7": 0.2846284628462846}, "datetime": {"datetime": "2023-07-13 14:49:10", "elapsed": 0.0, "delta": 0.0}}
{"target": -9173.581508475663, "params": {"c1": 0.19281928192819284, "c2": 0.931093109310931, "c3": 0.11761176117611762, "c4": 0.08450845084508452, "c5": 1.7847784778477847, "c6": 0.0039003900390039005, "c7": 0.3426342634263426}, "datetime": {"datetime": "2023-07-13 14:49:10", "elapsed": 0.0, "delta": 0.0}}
{"target": -11731.963565993748, "params": {"c1": 0.9720972097209721, "c2": 1.4947494749474948, "c3": 0.16661666166616662, "c4": 0.5497549754975498, "c5": 1.0993099309930991, "c6": 0.781078107810781, "c7": 0.041904190419041906}, "datetime": {"datetime": "2023-07-13 14:49:10", "elapsed": 0.0, "delta": 0.0}}
{"target": -4421.194819864613, "params": {"c1": 0.12971297129712972, "c2": 1.3803380338033804, "c3": 0.8383838383838383, "c4": 0.6984698469846985, "c5": 0.3096309630963096, "c6": 0.5004500450045004, "c7": 0.2447244724472447}, "datetime": {"datetime": "2023-07-13 14:49:10", "elapsed": 0.0, "delta": 0.0}}
{"target": -8463.955779261298, "params": {"c1": 0.0817081708170817, "c2": 1.3123312331233123, "c3": 0.6281628162816281, "c4": 0.5532553255325533, "c5": 0.4112411241124112, "c6": 0.14051405140514053, "c7": 0.0516051605160516}, "datetime": {"datetime": "2023-07-13 14:49:10", "elapsed": 0.0, "delta": 0.0}}
{"target": -8515.96124647573, "params": {"c1": 0.5953595359535954, "c2": 1.3691369136913691, "c3": 0.7727772777277727, "c4": 0.5261526152615261, "c5": 0.253025302530253, "c6": 0.2525252525252525, "c7": 0.7396739673967396}, "datetime": {"datetime": "2023-07-13 14:49:10", "elapsed": 0.0, "delta": 0.0}}
{"target": -15802.484946204593, "params": {"c1": 0.9537953795379538, "c2": 0.2672267226722672, "c3": 0.8522852285228523, "c4": 0.5924592459245924, "c5": 0.6138613861386139, "c6": 0.9044904490449045, "c7": 0.9024902490249025}, "datetime": {"datetime": "2023-07-13 14:49:10", "elapsed": 0.0, "delta": 0.0}}
{"target": -4056.091903952688, "params": {"c1": 0.49504950495049505, "c2": 1.7935793579357935, "c3": 0.0315031503150315, "c4": 0.7190719071907191, "c5": 1.098109810981098, "c6": 0.8883888388838883, "c7": 0.32333233323332333}, "datetime": {"datetime": "2023-07-13 14:49:10", "elapsed": 0.0, "delta": 0.0}}
{"target": -7653.777189542161, "params": {"c1": 0.6080608060806081, "c2": 1.3599359935993598, "c3": 0.30803080308030806, "c4": 0.770877087708771, "c5": 0.2358235823582358, "c6": 0.8013801380138014, "c7": 0.7761776177617761}, "datetime": {"datetime": "2023-07-13 14:49:10", "elapsed": 0.0, "delta": 0.0}}
{"target": -1817.5729285114835, "params": {"c1": 0.36163616361636164, "c2": 0.873087308730873, "c3": 0.9366936693669367, "c4": 0.4906490649064907, "c5": 0.201020102010201, "c6": 0.9885988598859885, "c7": 0.6255625562556255}, "datetime": {"datetime": "2023-07-13 14:49:10", "elapsed": 0.0, "delta": 0.0}}
{"target": -8593.21034197808, "params": {"c1": 0.712971297129713, "c2": 1.1077107710771077, "c3": 0.5193519351935193, "c4": 0.8551855185518552, "c5": 0.3118311831183118, "c6": 0.9843984398439843, "c7": 0.4819481948194819}, "datetime": {"datetime": "2023-07-13 14:49:10", "elapsed": 0.0, "delta": 0.0}}
{"target": -4909.991468066233, "params": {"c1": 0.2994299429942994, "c2": 0.0582058205820582, "c3": 0.0874087408740874, "c4": 0.08390839083908391, "c5": 1.0755075507550755, "c6": 0.7929792979297929, "c7": 0.3983398339833983}, "datetime": {"datetime": "2023-07-13 14:49:10", "elapsed": 0.0, "delta": 0.0}}
{"target": -9096.332583763424, "params": {"c1": 0.7200720072007201, "c2": 1.277127712771277, "c3": 0.3651365136513651, "c4": 0.837983798379838, "c5": 0.3046304630463046, "c6": 0.897089708970897, "c7": 0.8122812281228122}, "datetime": {"datetime": "2023-07-13 14:49:10", "elapsed": 0.0, "delta": 0.0}}
{"target": -10270.111436232772, "params": {"c1": 0.31673167316731676, "c2": 0.76007600760076, "c3": 0.6080608060806081, "c4": 0.9672967296729673, "c5": 0.33603360336033605, "c6": 0.23872387238723872, "c7": 0.9670967096709671}, "datetime": {"datetime": "2023-07-13 14:49:10", "elapsed": 0.0, "delta": 0.0}}
{"target": -5824.6367957207785, "params": {"c1": 0.48724872487248727, "c2": 1.5307530753075307, "c3": 0.0767076707670767, "c4": 0.08150815081508152, "c5": 0.9406940694069407, "c6": 0.385038503850385, "c7": 0.10831083108310831}, "datetime": {"datetime": "2023-07-13 14:49:10", "elapsed": 0.0, "delta": 0.0}}
{"target": -3135.6316758471835, "params": {"c1": 0.5833583358335834, "c2": 1.7275727572757276, "c3": 0.0333033303330333, "c4": 0.468946894689469, "c5": 0.37563756375637564, "c6": 0.829082908290829, "c7": 0.926092609260926}, "datetime": {"datetime": "2023-07-13 14:49:10", "elapsed": 0.0, "delta": 0.0}}
{"target": -25449.15377044204, "params": {"c1": 0.1422142214221422, "c2": 1.2213221322132213, "c3": 0.8228822882288229, "c4": 0.7346734673467347, "c5": 1.8485848584858484, "c6": 0.9955995599559956, "c7": 0.1505150515051505}, "datetime": {"datetime": "2023-07-13 14:49:10", "elapsed": 0.0, "delta": 0.0}}
{"target": -8879.788099212501, "params": {"c1": 0.915991599159916, "c2": 1.5513551355135513, "c3": 0.892989298929893, "c4": 0.7596759675967597, "c5": 0.8756875687568756, "c6": 0.8604860486048604, "c7": 0.40174017401740175}, "datetime": {"datetime": "2023-07-13 14:49:10", "elapsed": 0.0, "delta": 0.0}}
{"target": -11919.56110482914, "params": {"c1": 0.24242424242424243, "c2": 0.7702770277027703, "c3": 0.6735673567356735, "c4": 0.7517751775177518, "c5": 0.22402240224022402, "c6": 0.1775177517751775, "c7": 0.6537653765376538}, "datetime": {"datetime": "2023-07-13 14:49:10", "elapsed": 0.0, "delta": 0.0}}
{"target": -12033.131545164768, "params": {"c1": 0.022902290229022904, "c2": 1.918191819181918, "c3": 0.10891089108910891, "c4": 0.041504150415041505, "c5": 0.1662166216621662, "c6": 0.17271727172717272, "c7": 0.046004600460046}, "datetime": {"datetime": "2023-07-13 14:49:10", "elapsed": 0.0, "delta": 0.0}}
{"target": -832.2939268737867, "params": {"c1": 0.5462546254625462, "c2": 1.5317531753175317, "c3": 0.5736573657365737, "c4": 0.43484348434843484, "c5": 0.4364436443644364, "c6": 0.8570857085708571, "c7": 0.7023702370237023}, "datetime": {"datetime": "2023-07-13 14:49:10", "elapsed": 0.0, "delta": 0.0}}
{"target": -4589.504677675965, "params": {"c1": 0.44814481448144816, "c2": 0.6972697269726972, "c3": 0.7075707570757075, "c4": 0.8023802380238024, "c5": 0.39243924392439244, "c6": 0.8014801480148015, "c7": 0.7315731573157316}, "datetime": {"datetime": "2023-07-13 14:49:10", "elapsed": 0.0, "delta": 0.0}}
{"target": -2119.3316390290256, "params": {"c1": 0.35933593359335936, "c2": 0.8402840284028402, "c3": 0.054505450545054505, "c4": 0.44394439443944395, "c5": 0.9370937093709371, "c6": 0.594059405940594, "c7": 0.9068906890689068}, "datetime": {"datetime": "2023-07-13 14:49:10", "elapsed": 0.0, "delta": 0.0}}
{"target": -14431.61174263722, "params": {"c1": 0.9994999499949996, "c2": 1.5773577357735773, "c3": 0.43434343434343436, "c4": 0.8043804380438044, "c5": 0.6642664266426642, "c6": 0.19751975197519753, "c7": 0.1863186318631863}, "datetime": {"datetime": "2023-07-13 14:49:10", "elapsed": 0.0, "delta": 0.0}}
{"target": -5183.566093520921, "params": {"c1": 0.18361836183618363, "c2": 1.0405040504050405, "c3": 0.6354635463546354, "c4": 0.043104310431043104, "c5": 0.3692369236923692, "c6": 0.3672367236723672, "c7": 0.8954895489548954}, "datetime": {"datetime": "2023-07-13 14:49:10", "elapsed": 0.0, "delta": 0.0}}
{"target": -4350.4776168564, "params": {"c1": 0.019001900190019003, "c2": 1.6379637963796378, "c3": 0.33913391339133914, "c4": 0.043004300430043, "c5": 0.46884688468846886, "c6": 0.36673667366736673, "c7": 0.9672967296729672}, "datetime": {"datetime": "2023-07-13 14:49:10", "elapsed": 0.0, "delta": 0.0}}
{"target": -11462.123716662558, "params": {"c1": 0.8536853685368537, "c2": 1.506350635063506, "c3": 0.1079107910791079, "c4": 0.9184918491849186, "c5": 1.2311231123112312, "c6": 0.8169816981698169, "c7": 0.0354035403540354}, "datetime": {"datetime": "2023-07-13 14:49:10", "elapsed": 0.0, "delta": 0.0}}
{"target": -3020.964420174031, "params": {"c1": 0.24772477247724772, "c2": 0.6282628262826282, "c3": 0.45664566456645667, "c4": 0.037703770377037704, "c5": 0.7880788078807881, "c6": 0.5693569356935693, "c7": 0.23822382238223822}, "datetime": {"datetime": "2023-07-13 14:49:10", "elapsed": 0.0, "delta": 0.0}}
{"target": -7580.883852892446, "params": {"c1": 0.33073307330733076, "c2": 0.9624962496249624, "c3": 0.9658965896589659, "c4": 0.20782078207820784, "c5": 1.6157615761576158, "c6": 0.20972097209720972, "c7": 0.47604760476047603}, "datetime": {"datetime": "2023-07-13 14:49:10", "elapsed": 0.0, "delta": 0.0}}
{"target": -1383.8185051213995, "params": {"c1": 0.6191619161916192, "c2": 0.17361736173617362, "c3": 0.1938193819381938, "c4": 0.19161916191619163, "c5": 1.7137713771377137, "c6": 0.5894589458945895, "c7": 0.052005200520052}, "datetime": {"datetime": "2023-07-13 14:49:10", "elapsed": 0.0, "delta": 0.0}}
{"target": -6082.927052859286, "params": {"c1": 0.9534953495349535, "c2": 1.8373837383738374, "c3": 0.24562456245624562, "c4": 0.17581758175817583, "c5": 0.9318931893189318, "c6": 0.9089908990899089, "c7": 0.8773877387738773}, "datetime": {"datetime": "2023-07-13 14:49:10", "elapsed": 0.0, "delta": 0.0}}
{"target": -7687.407526659056, "params": {"c1": 0.44174417441744174, "c2": 0.9418941894189419, "c3": 0.1728172817281728, "c4": 0.8985898589858986, "c5": 1.891189118911891, "c6": 0.4821482148214821, "c7": 0.174017401740174}, "datetime": {"datetime": "2023-07-13 14:49:10", "elapsed": 0.0, "delta": 0.0}}
{"target": -17244.734816265885, "params": {"c1": 0.9465946594659467, "c2": 0.0924092409240924, "c3": 0.8917891789178918, "c4": 0.8085808580858086, "c5": 0.4128412841284128, "c6": 0.9122912291229123, "c7": 0.29652965296529654}, "datetime": {"datetime": "2023-07-13 14:49:10", "elapsed": 0.0, "delta": 0.0}}
{"target": -1946.70872491717, "params": {"c1": 0.6951695169516952, "c2": 1.3169316931693167, "c3": 0.8247824782478248, "c4": 0.49194919491949196, "c5": 1.2305230523052306, "c6": 0.9055905590559055, "c7": 0.929092909290929}, "datetime": {"datetime": "2023-07-13 14:49:10", "elapsed": 0.0, "delta": 0.0}}
{"target": -4297.247707535885, "params": {"c1": 0.4916491649164917, "c2": 0.9494949494949494, "c3": 0.8090809080908091, "c4": 0.22942294229422944, "c5": 1.0885088508850884, "c6": 0.7008700870087008, "c7": 0.049104910491049106}, "datetime": {"datetime": "2023-07-13 14:49:10", "elapsed": 0.0, "delta": 0.0}}
{"target": -3358.0509868055915, "params": {"c1": 0.4302430243024303, "c2": 0.31003100310031, "c3": 0.6599659965996599, "c4": 0.22572257225722572, "c5": 1.7005700570057003, "c6": 0.2032203220322032, "c7": 0.6775677567756775}, "datetime": {"datetime": "2023-07-13 14:49:10", "elapsed": 0.0, "delta": 0.0}}
{"target": -5737.725827119183, "params": {"c1": 0.8714871487148715, "c2": 1.8671867186718671, "c3": 0.9435943594359436, "c4": 0.5115511551155115, "c5": 0.0222022202220222, "c6": 0.0232023202320232, "c7": 0.111011101110111}, "datetime": {"datetime": "2023-07-13 14:49:10", "elapsed": 0.0, "delta": 0.0}}
{"target": -8256.898913441579, "params": {"c1": 0.6726672667266727, "c2": 1.4987498749874988, "c3": 0.31793179317931797, "c4": 0.7260726072607261, "c5": 0.8852885288528853, "c6": 0.11311131113111311, "c7": 0.3669366936693669}, "datetime": {"datetime": "2023-07-13 14:49:10", "elapsed": 0.0, "delta": 0.0}}
{"target": -8641.589914342905, "params": {"c1": 0.6825682568256826, "c2": 0.214021402140214, "c3": 0.5008500850085008, "c4": 0.006700670067006701, "c5": 0.8274827482748275, "c6": 0.5534553455345534, "c7": 0.9175917591759175}, "datetime": {"datetime": "2023-07-13 14:49:10", "elapsed": 0.0, "delta": 0.0}}
{"target": -6223.32112596576, "params": {"c1": 0.4977497749774978, "c2": 0.8084808480848085, "c3": 0.17361736173617362, "c4": 0.056405640564056406, "c5": 1.7019701970197019, "c6": 0.34523452345234523, "c7": 0.9816981698169815}, "datetime": {"datetime": "2023-07-13 14:49:10", "elapsed": 0.0, "delta": 0.0}}
{"target": -10331.361157443715, "params": {"c1": 0.0823082308230823, "c2": 0.8892889288928892, "c3": 0.23212321232123212, "c4": 0.5995599559955995, "c5": 1.3101310131013102, "c6": 0.4664466446644664, "c7": 0.5322532253225322}, "datetime": {"datetime": "2023-07-13 14:49:10", "elapsed": 0.0, "delta": 0.0}}
{"target": -12229.639712938588, "params": {"c1": 0.4318431843184319, "c2": 0.4002400240024002, "c3": 0.9638963896389638, "c4": 0.7097709770977098, "c5": 0.0036003600360036, "c6": 0.5132513251325133, "c7": 0.3502350235023502}, "datetime": {"datetime": "2023-07-13 14:49:10", "elapsed": 0.0, "delta": 0.0}}
{"target": -5388.401036087681, "params": {"c1": 0.724972497249725, "c2": 1.0821082108210822, "c3": 0.2917291729172917, "c4": 0.11591159115911591, "c5": 1.90999099909991, "c6": 0.4729472947294729, "c7": 0.47584758475847583}, "datetime": {"datetime": "2023-07-13 14:49:10", "elapsed": 0.0, "delta": 0.0}}
{"target": -10289.29408377589, "params": {"c1": 0.36183618361836184, "c2": 0.2418241824182418, "c3": 0.24632463246324635, "c4": 0.29282928292829286, "c5": 0.0776077607760776, "c6": 0.5778577857785778, "c7": 0.1846184618461846}, "datetime": {"datetime": "2023-07-13 14:49:10", "elapsed": 0.0, "delta": 0.0}}
{"target": -8087.889978577601, "params": {"c1": 0.4805480548054806, "c2": 0.059805980598059805, "c3": 0.9626962696269626, "c4": 0.04760476047604761, "c5": 1.0605060506050603, "c6": 0.0829082908290829, "c7": 0.9092909290929092}, "datetime": {"datetime": "2023-07-13 14:49:10", "elapsed": 0.0, "delta": 0.0}}
{"target": -1069.2571000093453, "params": {"c1": 0.5761576157615762, "c2": 1.9155915591559156, "c3": 0.963996399639964, "c4": 0.7458745874587459, "c5": 1.4247424742474248, "c6": 0.041104110411041096, "c7": 0.5875587558755875}, "datetime": {"datetime": "2023-07-13 14:49:10", "elapsed": 0.0, "delta": 0.0}}
{"target": -3583.799075180974, "params": {"c1": 0.24312431243124313, "c2": 1.4483448344834482, "c3": 0.04220422042204221, "c4": 0.006400640064006401, "c5": 0.789078907890789, "c6": 0.3287328732873287, "c7": 0.6919691969196919}, "datetime": {"datetime": "2023-07-13 14:49:10", "elapsed": 0.0, "delta": 0.0}}
{"target": -6996.592667984121, "params": {"c1": 0.7224722472247225, "c2": 1.8141814181418139, "c3": 0.15381538153815383, "c4": 0.06840684068406841, "c5": 0.06520652065206521, "c6": 0.7504750475047505, "c7": 0.5574557455745575}, "datetime": {"datetime": "2023-07-13 14:49:10", "elapsed": 0.0, "delta": 0.0}}
{"target": -9593.741822553118, "params": {"c1": 0.8770877087708772, "c2": 0.44004400440044, "c3": 0.9084908490849084, "c4": 0.20962096209620962, "c5": 0.8552855285528552, "c6": 0.7858785878587858, "c7": 0.24702470247024702}, "datetime": {"datetime": "2023-07-13 14:49:10", "elapsed": 0.0, "delta": 0.0}}
{"target": -10313.172206083305, "params": {"c1": 0.798979897989799, "c2": 0.1718171817181718, "c3": 0.338033803380338, "c4": 0.8864886488648865, "c5": 1.138113811381138, "c6": 0.9552955295529553, "c7": 0.5228522852285229}, "datetime": {"datetime": "2023-07-13 14:49:10", "elapsed": 0.0, "delta": 0.0}}
{"target": -10468.506418335443, "params": {"c1": 0.6832683268326832, "c2": 0.2000200020002, "c3": 0.8433843384338433, "c4": 0.8343834383438344, "c5": 0.41844184418441843, "c6": 0.8557855785578558, "c7": 0.7221722172217221}, "datetime": {"datetime": "2023-07-13 14:49:10", "elapsed": 0.0, "delta": 0.0}}
{"target": -5620.8768073261635, "params": {"c1": 0.17441744174417442, "c2": 0.7434743474347434, "c3": 0.6322632263226322, "c4": 0.8574857485748575, "c5": 0.2366236623662366, "c6": 0.586058605860586, "c7": 0.575057505750575}, "datetime": {"datetime": "2023-07-13 14:49:11", "elapsed": 0.0, "delta": 0.0}}
