{"target": -3815.3253965816534, "params": {"c1": 0.6621621621621622}, "datetime": {"datetime": "2023-06-23 21:08:30", "elapsed": 0.0, "delta": 0.0}}
{"target": -3539.749735243056, "params": {"c1": 0.7972972972972973}, "datetime": {"datetime": "2023-06-23 21:08:32", "elapsed": 0.0, "delta": 0.0}}
{"target": -3969.5870079449865, "params": {"c1": 0.6471471471471472}, "datetime": {"datetime": "2023-06-23 21:08:34", "elapsed": 0.0, "delta": 0.0}}
{"target": -2306.240900106838, "params": {"c1": 0.9624624624624625}, "datetime": {"datetime": "2023-06-23 21:08:37", "elapsed": 0.0, "delta": 0.0}}
{"target": -529.9302504932948, "params": {"c1": 1.6891891891891893}, "datetime": {"datetime": "2023-06-23 21:08:39", "elapsed": 0.0, "delta": 0.0}}
{"target": -800.6300000000001, "params": {"c1": 1.135135135135135}, "datetime": {"datetime": "2023-06-23 21:08:41", "elapsed": 0.0, "delta": 0.0}}
{"target": -3363.0578125000006, "params": {"c1": 1.1231231231231231}, "datetime": {"datetime": "2023-06-23 21:08:43", "elapsed": 0.0, "delta": 0.0}}
{"target": -2225.042598909735, "params": {"c1": 1.5270270270270268}, "datetime": {"datetime": "2023-06-23 21:08:45", "elapsed": 0.0, "delta": 0.0}}
{"target": -2503.42, "params": {"c1": 1.0825825825825826}, "datetime": {"datetime": "2023-06-23 21:08:47", "elapsed": 0.0, "delta": 0.0}}
{"target": -580.3036212835696, "params": {"c1": 1.5615615615615617}, "datetime": {"datetime": "2023-06-23 21:08:49", "elapsed": 0.0, "delta": 0.0}}
{"target": -5072.81, "params": {"c1": 0.5915915915915916}, "datetime": {"datetime": "2023-06-23 21:08:51", "elapsed": 0.0, "delta": 0.0}}
{"target": -4087.8093674055285, "params": {"c1": 0.6201201201201201}, "datetime": {"datetime": "2023-06-23 21:08:53", "elapsed": 0.0, "delta": 0.0}}
{"target": -315.9249974989161, "params": {"c1": 1.2732732732732734}, "datetime": {"datetime": "2023-06-23 21:08:55", "elapsed": 0.0, "delta": 0.0}}
{"target": -1346.5436590012696, "params": {"c1": 1.6006006006006006}, "datetime": {"datetime": "2023-06-23 21:08:57", "elapsed": 0.0, "delta": 0.0}}
{"target": -42.350000000000364, "params": {"c1": 1.2927927927927927}, "datetime": {"datetime": "2023-06-23 21:08:59", "elapsed": 0.0, "delta": 0.0}}
{"target": -1660.1951438981187, "params": {"c1": 1.5345345345345345}, "datetime": {"datetime": "2023-06-23 21:09:01", "elapsed": 0.0, "delta": 0.0}}
{"target": -1572.21, "params": {"c1": 1.9144144144144144}, "datetime": {"datetime": "2023-06-23 21:09:03", "elapsed": 0.0, "delta": 0.0}}
{"target": -2448.179147970086, "params": {"c1": 1.484984984984985}, "datetime": {"datetime": "2023-06-23 21:09:05", "elapsed": 0.0, "delta": 0.0}}
